Using pre-set license
Built from '2022.3/staging' branch; Version is '2022.3.3f1 (7cdc2969a641) revision 8182825'; Using compiler version '192829333'; Build Type 'Release'
OS: 'Windows 11  (10.0.26100) 64bit Enterprise' Language: 'en' Physical Memory: 32604 MB
BatchMode: 1, IsHumanControllingUs: 0, StartBugReporterOnCrash: 0, Is64bit: 1, IsPro: 1

COMMAND LINE ARGUMENTS:
C:\Program Files\Unity\Hub\Editor\2022.3.3f1\Editor\Unity.exe
-adb2
-batchMode
-noUpm
-name
AssetImportWorker0
-projectPath
C:/Users/JoseArguesoPonce.AzureAD/Desktop/MP05-UF1/Manueh
-logFile
Logs/AssetImportWorker0.log
-srvPort
51166
Successfully changed project path to: C:/Users/JoseArguesoPonce.AzureAD/Desktop/MP05-UF1/Manueh
C:/Users/JoseArguesoPonce.AzureAD/Desktop/MP05-UF1/Manueh
[UnityMemory] Configuration Parameters - Can be set up in boot.config
    "memorysetup-bucket-allocator-granularity=16"
    "memorysetup-bucket-allocator-bucket-count=8"
    "memorysetup-bucket-allocator-block-size=33554432"
    "memorysetup-bucket-allocator-block-count=8"
    "memorysetup-main-allocator-block-size=16777216"
    "memorysetup-thread-allocator-block-size=16777216"
    "memorysetup-gfx-main-allocator-block-size=16777216"
    "memorysetup-gfx-thread-allocator-block-size=16777216"
    "memorysetup-cache-allocator-block-size=4194304"
    "memorysetup-typetree-allocator-block-size=2097152"
    "memorysetup-profiler-bucket-allocator-granularity=16"
    "memorysetup-profiler-bucket-allocator-bucket-count=8"
    "memorysetup-profiler-bucket-allocator-block-size=33554432"
    "memorysetup-profiler-bucket-allocator-block-count=8"
    "memorysetup-profiler-allocator-block-size=16777216"
    "memorysetup-profiler-editor-allocator-block-size=1048576"
    "memorysetup-temp-allocator-size-main=16777216"
    "memorysetup-job-temp-allocator-block-size=2097152"
    "memorysetup-job-temp-allocator-block-size-background=1048576"
    "memorysetup-job-temp-allocator-reduction-small-platforms=262144"
    "memorysetup-allocator-temp-initial-block-size-main=262144"
    "memorysetup-allocator-temp-initial-block-size-worker=262144"
    "memorysetup-temp-allocator-size-background-worker=32768"
    "memorysetup-temp-allocator-size-job-worker=262144"
    "memorysetup-temp-allocator-size-preload-manager=33554432"
    "memorysetup-temp-allocator-size-nav-mesh-worker=65536"
    "memorysetup-temp-allocator-size-audio-worker=65536"
    "memorysetup-temp-allocator-size-cloud-worker=32768"
    "memorysetup-temp-allocator-size-gi-baking-worker=262144"
    "memorysetup-temp-allocator-size-gfx=262144"
Player connection [3788] Host "[IP] 10.40.2.156 [Port] 0 [Flags] 2 [Guid] 1974623843 [EditorId] 1974623843 [Version] 1048832 [Id] WindowsEditor(7,PB-02-13B) [Debug] 1 [PackageName] WindowsEditor [ProjectName] Editor" joined multi-casting on [225.0.0.222:54997]...

Player connection [3788] Host "[IP] 10.40.2.156 [Port] 0 [Flags] 2 [Guid] 1974623843 [EditorId] 1974623843 [Version] 1048832 [Id] WindowsEditor(7,PB-02-13B) [Debug] 1 [PackageName] WindowsEditor [ProjectName] Editor" joined alternative multi-casting on [225.0.0.222:34997]...

Refreshing native plugins compatible for Editor in 6.96 ms, found 4 plugins.
Preloading 0 native plugins for Editor in 0.00 ms.
Initialize engine version: 2022.3.3f1 (7cdc2969a641)
[Subsystems] Discovering subsystems at path C:/Program Files/Unity/Hub/Editor/2022.3.3f1/Editor/Data/Resources/UnitySubsystems
[Subsystems] Discovering subsystems at path C:/Users/JoseArguesoPonce.AzureAD/Desktop/MP05-UF1/Manueh/Assets
GfxDevice: creating device client; threaded=0; jobified=0
Direct3D:
    Version:  Direct3D 11.0 [level 11.1]
    Renderer: NVIDIA GeForce RTX 2060 (ID=0x1f08)
    Vendor:   NVIDIA
    VRAM:     5980 MB
    Driver:   27.21.14.5751
Initialize mono
Mono path[0] = 'C:/Program Files/Unity/Hub/Editor/2022.3.3f1/Editor/Data/Managed'
Mono path[1] = 'C:/Program Files/Unity/Hub/Editor/2022.3.3f1/Editor/Data/MonoBleedingEdge/lib/mono/unityjit-win32'
Mono config path = 'C:/Program Files/Unity/Hub/Editor/2022.3.3f1/Editor/Data/MonoBleedingEdge/etc'
Using monoOptions --debugger-agent=transport=dt_socket,embedding=1,server=y,suspend=n,address=127.0.0.1:56500
Begin MonoManager ReloadAssembly
Registering precompiled unity dll's ...
Register platform support module: C:/Program Files/Unity/Hub/Editor/2022.3.3f1/Editor/Data/PlaybackEngines/AndroidPlayer/UnityEditor.Android.Extensions.dll
Register platform support module: C:/Program Files/Unity/Hub/Editor/2022.3.3f1/Editor/Data/PlaybackEngines/WindowsStandaloneSupport/UnityEditor.WindowsStandalone.Extensions.dll
Register platform support module: C:/Program Files/Unity/Hub/Editor/2022.3.3f1/Editor/Data/PlaybackEngines/MetroSupport/UnityEditor.UWP.Extensions.dll
Registered in 0.007397 seconds.
- Loaded All Assemblies, in  0.226 seconds
Native extension for UWP target not found
Native extension for WindowsStandalone target not found
Native extension for Android target not found
Android Extension - Scanning For ADB Devices 298 ms
Mono: successfully reloaded assembly
- Finished resetting the current domain, in  0.514 seconds
Domain Reload Profiling: 739ms
	BeginReloadAssembly (64ms)
		ExecutionOrderSort (0ms)
		DisableScriptedObjects (0ms)
		BackupInstance (0ms)
		ReleaseScriptingObjects (0ms)
		CreateAndSetChildDomain (0ms)
	RebuildCommonClasses (21ms)
	RebuildNativeTypeToScriptingClass (6ms)
	initialDomainReloadingComplete (41ms)
	LoadAllAssembliesAndSetupDomain (92ms)
		LoadAssemblies (63ms)
		RebuildTransferFunctionScriptingTraits (0ms)
		AnalyzeDomain (88ms)
			TypeCache.Refresh (88ms)
				TypeCache.ScanAssembly (79ms)
			ScanForSourceGeneratedMonoScriptInfo (0ms)
			ResolveRequiredComponents (0ms)
	FinalizeReload (514ms)
		ReleaseScriptCaches (0ms)
		RebuildScriptCaches (0ms)
		SetupLoadedEditorAssemblies (477ms)
			LogAssemblyErrors (0ms)
			InitializePlatformSupportModulesInManaged (383ms)
			SetLoadedEditorAssemblies (3ms)
			RefreshPlugins (0ms)
			BeforeProcessingInitializeOnLoad (1ms)
			ProcessInitializeOnLoadAttributes (61ms)
			ProcessInitializeOnLoadMethodAttributes (30ms)
			AfterProcessingInitializeOnLoad (0ms)
			EditorAssembliesLoaded (0ms)
		ExecutionOrderSort2 (0ms)
		AwakeInstancesAfterBackupRestoration (0ms)
========================================================================
Worker process is ready to serve import requests
Begin MonoManager ReloadAssembly
Symbol file LoadedFromMemory doesn't match image C:\Users\JoseArguesoPonce.AzureAD\Desktop\MP05-UF1\Manueh\Library\PackageCache\com.unity.visualscripting@1.8.0\Editor\VisualScripting.Core\Dependencies\YamlDotNet\Unity.VisualScripting.YamlDotNet.dll
Symbol file LoadedFromMemory doesn't match image C:\Users\JoseArguesoPonce.AzureAD\Desktop\MP05-UF1\Manueh\Library\PackageCache\com.unity.visualscripting@1.8.0\Editor\VisualScripting.Core\Dependencies\DotNetZip\Unity.VisualScripting.IonicZip.dll
- Loaded All Assemblies, in  0.516 seconds
Refreshing native plugins compatible for Editor in 3.08 ms, found 4 plugins.
Native extension for UWP target not found
Native extension for WindowsStandalone target not found
Native extension for Android target not found
Mono: successfully reloaded assembly
- Finished resetting the current domain, in  0.345 seconds
Domain Reload Profiling: 860ms
	BeginReloadAssembly (91ms)
		ExecutionOrderSort (0ms)
		DisableScriptedObjects (3ms)
		BackupInstance (0ms)
		ReleaseScriptingObjects (0ms)
		CreateAndSetChildDomain (16ms)
	RebuildCommonClasses (21ms)
	RebuildNativeTypeToScriptingClass (6ms)
	initialDomainReloadingComplete (29ms)
	LoadAllAssembliesAndSetupDomain (367ms)
		LoadAssemblies (229ms)
		RebuildTransferFunctionScriptingTraits (0ms)
		AnalyzeDomain (183ms)
			TypeCache.Refresh (168ms)
				TypeCache.ScanAssembly (159ms)
			ScanForSourceGeneratedMonoScriptInfo (13ms)
			ResolveRequiredComponents (2ms)
	FinalizeReload (345ms)
		ReleaseScriptCaches (0ms)
		RebuildScriptCaches (0ms)
		SetupLoadedEditorAssemblies (241ms)
			LogAssemblyErrors (0ms)
			InitializePlatformSupportModulesInManaged (16ms)
			SetLoadedEditorAssemblies (2ms)
			RefreshPlugins (0ms)
			BeforeProcessingInitializeOnLoad (45ms)
			ProcessInitializeOnLoadAttributes (151ms)
			ProcessInitializeOnLoadMethodAttributes (21ms)
			AfterProcessingInitializeOnLoad (5ms)
			EditorAssembliesLoaded (0ms)
		ExecutionOrderSort2 (0ms)
		AwakeInstancesAfterBackupRestoration (4ms)
Launched and connected shader compiler UnityShaderCompiler.exe after 0.04 seconds
Refreshing native plugins compatible for Editor in 3.84 ms, found 4 plugins.
Preloading 0 native plugins for Editor in 0.00 ms.
Unloading 3999 Unused Serialized files (Serialized files now loaded: 0)
Unloading 69 unused Assets / (244.7 KB). Loaded Objects now: 4460.
Memory consumption went from 144.7 MB to 144.4 MB.
Total: 3.123700 ms (FindLiveObjects: 0.332300 ms CreateObjectMapping: 0.115400 ms MarkObjects: 2.486600 ms  DeleteObjects: 0.188400 ms)

AssetImportParameters requested are different than current active one (requested -> active):
  custom:container-demuxer-ogg: 62fdf1f143b41e24485cea50d1cbac27 -> 
  custom:video-codec-MediaFoundation-h265: 746d11721c4dcdbdad8f713fa42b33f4 -> 
  custom:video-decoder-ogg-theora: a1e56fd34408186e4bbccfd4996cb3dc -> 
  custom:framework-win-MediaFoundation: 216162199b28c13a410421893ffa2e32 -> 
  custom:container-demuxer-webm: 4f35f7cbe854078d1ac9338744f61a02 -> 
  custom:container-muxer-webm: aa71ff27fc2769a1b78a27578f13a17b -> 
  custom:video-decoder-webm-vp8: 9c59270c3fd7afecdb556c50c9e8de78 -> 
  custom:AudioImporter_EditorPlatform: d09bf68614088b80899f8185d706f6e7 -> 
  custom:video-encoder-webm-vp8: eb34c28f22e8b96e1ab97ce403110664 -> 
  custom:audio-decoder-ogg-vorbis: bf7c407c2cedff20999df2af8eb42d56 -> 
  custom:audio-encoder-webm-vorbis: bf7c407c2cedff20999df2af8eb42d56 -> 
========================================================================
Received Import Request.
  Time since last request: 6965.178544 seconds.
  path: Assets/scripts
  artifactKey: Guid(9540e28b1f7c15048959c81cfd967311) Importer(815301076,1909f56bfc062723c751e8b465ee728b)
Start importing Assets/scripts using Guid(9540e28b1f7c15048959c81cfd967311) Importer(815301076,1909f56bfc062723c751e8b465ee728b)  -> (artifact id: 'efc4c3966e73b127d5147b567bc5439c') in 0.002448 seconds
Number of updated asset objects reloaded before import = 0
Number of asset objects unloaded after import = 0
========================================================================
Received Import Request.
  Time since last request: 10.054818 seconds.
  path: Assets/scripts/Movimiento.cs
  artifactKey: Guid(8ca476e3a9555bd438086c92898c57d1) Importer(815301076,1909f56bfc062723c751e8b465ee728b)
Start importing Assets/scripts/Movimiento.cs using Guid(8ca476e3a9555bd438086c92898c57d1) Importer(815301076,1909f56bfc062723c751e8b465ee728b)  -> (artifact id: '41f27190ef14fac242d90dcb62c6f2d1') in 0.000471 seconds
Number of updated asset objects reloaded before import = 0
Number of asset objects unloaded after import = 0
========================================================================
Received Import Request.
  Time since last request: 445.315661 seconds.
  path: Assets/scripts/Movimiento.cs
  artifactKey: Guid(8ca476e3a9555bd438086c92898c57d1) Importer(815301076,1909f56bfc062723c751e8b465ee728b)
Start importing Assets/scripts/Movimiento.cs using Guid(8ca476e3a9555bd438086c92898c57d1) Importer(815301076,1909f56bfc062723c751e8b465ee728b)  -> (artifact id: '24f29febd89706851afdf9db0bf67b0f') in 0.000994 seconds
Number of updated asset objects reloaded before import = 0
Number of asset objects unloaded after import = 0
========================================================================
Received Import Request.
  Time since last request: 199.380434 seconds.
  path: Assets/scripts/Movimiento.cs
  artifactKey: Guid(8ca476e3a9555bd438086c92898c57d1) Importer(815301076,1909f56bfc062723c751e8b465ee728b)
Start importing Assets/scripts/Movimiento.cs using Guid(8ca476e3a9555bd438086c92898c57d1) Importer(815301076,1909f56bfc062723c751e8b465ee728b)  -> (artifact id: '4bd8faa61716770604a16d2469d710c5') in 0.000628 seconds
Number of updated asset objects reloaded before import = 0
Number of asset objects unloaded after import = 0
========================================================================
Received Prepare
Begin MonoManager ReloadAssembly
Symbol file LoadedFromMemory doesn't match image C:\Users\JoseArguesoPonce.AzureAD\Desktop\MP05-UF1\Manueh\Library\PackageCache\com.unity.visualscripting@1.8.0\Editor\VisualScripting.Core\Dependencies\YamlDotNet\Unity.VisualScripting.YamlDotNet.dll
Symbol file LoadedFromMemory doesn't match image C:\Users\JoseArguesoPonce.AzureAD\Desktop\MP05-UF1\Manueh\Library\PackageCache\com.unity.visualscripting@1.8.0\Editor\VisualScripting.Core\Dependencies\DotNetZip\Unity.VisualScripting.IonicZip.dll
- Loaded All Assemblies, in  0.564 seconds
Refreshing native plugins compatible for Editor in 3.20 ms, found 4 plugins.
Native extension for UWP target not found
Native extension for WindowsStandalone target not found
Native extension for Android target not found
Mono: successfully reloaded assembly
- Finished resetting the current domain, in 13.281 seconds
Domain Reload Profiling: 13843ms
	BeginReloadAssembly (114ms)
		ExecutionOrderSort (0ms)
		DisableScriptedObjects (14ms)
		BackupInstance (0ms)
		ReleaseScriptingObjects (0ms)
		CreateAndSetChildDomain (28ms)
	RebuildCommonClasses (22ms)
	RebuildNativeTypeToScriptingClass (7ms)
	initialDomainReloadingComplete (22ms)
	LoadAllAssembliesAndSetupDomain (396ms)
		LoadAssemblies (276ms)
		RebuildTransferFunctionScriptingTraits (0ms)
		AnalyzeDomain (163ms)
			TypeCache.Refresh (159ms)
				TypeCache.ScanAssembly (150ms)
			ScanForSourceGeneratedMonoScriptInfo (2ms)
			ResolveRequiredComponents (2ms)
	FinalizeReload (13282ms)
		ReleaseScriptCaches (0ms)
		RebuildScriptCaches (0ms)
		SetupLoadedEditorAssemblies (257ms)
			LogAssemblyErrors (0ms)
			InitializePlatformSupportModulesInManaged (22ms)
			SetLoadedEditorAssemblies (2ms)
			RefreshPlugins (0ms)
			BeforeProcessingInitializeOnLoad (50ms)
			ProcessInitializeOnLoadAttributes (154ms)
			ProcessInitializeOnLoadMethodAttributes (23ms)
			AfterProcessingInitializeOnLoad (5ms)
			EditorAssembliesLoaded (0ms)
		ExecutionOrderSort2 (0ms)
		AwakeInstancesAfterBackupRestoration (10ms)
Refreshing native plugins compatible for Editor in 4.06 ms, found 4 plugins.
Preloading 0 native plugins for Editor in 0.00 ms.
Unloading 3993 Unused Serialized files (Serialized files now loaded: 0)
Unloading 41 unused Assets / (216.9 KB). Loaded Objects now: 4466.
Memory consumption went from 142.3 MB to 142.1 MB.
Total: 2.810700 ms (FindLiveObjects: 0.235800 ms CreateObjectMapping: 0.235000 ms MarkObjects: 2.212100 ms  DeleteObjects: 0.126900 ms)

Prepare: number of updated asset objects reloaded= 0
AssetImportParameters requested are different than current active one (requested -> active):
  custom:container-demuxer-ogg: 62fdf1f143b41e24485cea50d1cbac27 -> 
  custom:video-codec-MediaFoundation-h265: 746d11721c4dcdbdad8f713fa42b33f4 -> 
  custom:video-decoder-ogg-theora: a1e56fd34408186e4bbccfd4996cb3dc -> 
  custom:framework-win-MediaFoundation: 216162199b28c13a410421893ffa2e32 -> 
  custom:container-demuxer-webm: 4f35f7cbe854078d1ac9338744f61a02 -> 
  custom:container-muxer-webm: aa71ff27fc2769a1b78a27578f13a17b -> 
  custom:video-decoder-webm-vp8: 9c59270c3fd7afecdb556c50c9e8de78 -> 
  custom:AudioImporter_EditorPlatform: d09bf68614088b80899f8185d706f6e7 -> 
  custom:video-encoder-webm-vp8: eb34c28f22e8b96e1ab97ce403110664 -> 
  custom:audio-decoder-ogg-vorbis: bf7c407c2cedff20999df2af8eb42d56 -> 
  custom:audio-encoder-webm-vorbis: bf7c407c2cedff20999df2af8eb42d56 -> 
========================================================================
Received Prepare
Begin MonoManager ReloadAssembly
Symbol file LoadedFromMemory doesn't match image C:\Users\JoseArguesoPonce.AzureAD\Desktop\MP05-UF1\Manueh\Library\PackageCache\com.unity.visualscripting@1.8.0\Editor\VisualScripting.Core\Dependencies\YamlDotNet\Unity.VisualScripting.YamlDotNet.dll
Symbol file LoadedFromMemory doesn't match image C:\Users\JoseArguesoPonce.AzureAD\Desktop\MP05-UF1\Manueh\Library\PackageCache\com.unity.visualscripting@1.8.0\Editor\VisualScripting.Core\Dependencies\DotNetZip\Unity.VisualScripting.IonicZip.dll
- Loaded All Assemblies, in  0.532 seconds
Refreshing native plugins compatible for Editor in 3.28 ms, found 4 plugins.
Native extension for UWP target not found
Native extension for WindowsStandalone target not found
Native extension for Android target not found
Mono: successfully reloaded assembly
- Finished resetting the current domain, in  0.667 seconds
Domain Reload Profiling: 1198ms
	BeginReloadAssembly (118ms)
		ExecutionOrderSort (0ms)
		DisableScriptedObjects (9ms)
		BackupInstance (0ms)
		ReleaseScriptingObjects (0ms)
		CreateAndSetChildDomain (30ms)
	RebuildCommonClasses (22ms)
	RebuildNativeTypeToScriptingClass (7ms)
	initialDomainReloadingComplete (24ms)
	LoadAllAssembliesAndSetupDomain (357ms)
		LoadAssemblies (231ms)
		RebuildTransferFunctionScriptingTraits (0ms)
		AnalyzeDomain (177ms)
			TypeCache.Refresh (174ms)
				TypeCache.ScanAssembly (165ms)
			ScanForSourceGeneratedMonoScriptInfo (0ms)
			ResolveRequiredComponents (3ms)
	FinalizeReload (668ms)
		ReleaseScriptCaches (0ms)
		RebuildScriptCaches (0ms)
		SetupLoadedEditorAssemblies (256ms)
			LogAssemblyErrors (0ms)
			InitializePlatformSupportModulesInManaged (21ms)
			SetLoadedEditorAssemblies (2ms)
			RefreshPlugins (0ms)
			BeforeProcessingInitializeOnLoad (50ms)
			ProcessInitializeOnLoadAttributes (154ms)
			ProcessInitializeOnLoadMethodAttributes (23ms)
			AfterProcessingInitializeOnLoad (5ms)
			EditorAssembliesLoaded (0ms)
		ExecutionOrderSort2 (0ms)
		AwakeInstancesAfterBackupRestoration (11ms)
Refreshing native plugins compatible for Editor in 3.17 ms, found 4 plugins.
Preloading 0 native plugins for Editor in 0.00 ms.
Unloading 3994 Unused Serialized files (Serialized files now loaded: 0)
Unloading 41 unused Assets / (217.2 KB). Loaded Objects now: 4470.
Memory consumption went from 142.6 MB to 142.4 MB.
Total: 3.118300 ms (FindLiveObjects: 0.257100 ms CreateObjectMapping: 0.140000 ms MarkObjects: 2.510300 ms  DeleteObjects: 0.210300 ms)

Prepare: number of updated asset objects reloaded= 0
AssetImportParameters requested are different than current active one (requested -> active):
  custom:container-demuxer-ogg: 62fdf1f143b41e24485cea50d1cbac27 -> 
  custom:video-codec-MediaFoundation-h265: 746d11721c4dcdbdad8f713fa42b33f4 -> 
  custom:video-decoder-ogg-theora: a1e56fd34408186e4bbccfd4996cb3dc -> 
  custom:framework-win-MediaFoundation: 216162199b28c13a410421893ffa2e32 -> 
  custom:container-demuxer-webm: 4f35f7cbe854078d1ac9338744f61a02 -> 
  custom:container-muxer-webm: aa71ff27fc2769a1b78a27578f13a17b -> 
  custom:video-decoder-webm-vp8: 9c59270c3fd7afecdb556c50c9e8de78 -> 
  custom:AudioImporter_EditorPlatform: d09bf68614088b80899f8185d706f6e7 -> 
  custom:video-encoder-webm-vp8: eb34c28f22e8b96e1ab97ce403110664 -> 
  custom:audio-decoder-ogg-vorbis: bf7c407c2cedff20999df2af8eb42d56 -> 
  custom:audio-encoder-webm-vorbis: bf7c407c2cedff20999df2af8eb42d56 -> 
========================================================================
Received Import Request.
  Time since last request: 1590.905622 seconds.
  path: Assets/Sprites
  artifactKey: Guid(0509195a0e5a1b04c9a7b349cb7522b6) Importer(815301076,1909f56bfc062723c751e8b465ee728b)
Start importing Assets/Sprites using Guid(0509195a0e5a1b04c9a7b349cb7522b6) Importer(815301076,1909f56bfc062723c751e8b465ee728b)  -> (artifact id: '49642838096b656db8951b85184d96b5') in 0.002578 seconds
Number of updated asset objects reloaded before import = 0
Number of asset objects unloaded after import = 0
========================================================================
Received Import Request.
  Time since last request: 9.477885 seconds.
  path: Assets/Sprites/Sprite suelo prototipo.jpg
  artifactKey: Guid(c801bf1c4c7d0d44c875bcc3d529a9d5) Importer(815301076,1909f56bfc062723c751e8b465ee728b)
Start importing Assets/Sprites/Sprite suelo prototipo.jpg using Guid(c801bf1c4c7d0d44c875bcc3d529a9d5) Importer(815301076,1909f56bfc062723c751e8b465ee728b)  -> (artifact id: 'c993c16e33084de2e7dd3ea92fed671b') in 0.055403 seconds
Number of updated asset objects reloaded before import = 0
Number of asset objects unloaded after import = 3
========================================================================
Received Import Request.
  Time since last request: 172.342915 seconds.
  path: Assets/Sprites/Suelo.prefab
  artifactKey: Guid(3eebb9401d3cde642a6438190dafe1ab) Importer(815301076,1909f56bfc062723c751e8b465ee728b)
Start importing Assets/Sprites/Suelo.prefab using Guid(3eebb9401d3cde642a6438190dafe1ab) Importer(815301076,1909f56bfc062723c751e8b465ee728b)  -> (artifact id: '015cdb3a8bed0f103d3d37f42d0ada18') in 0.102890 seconds
Number of updated asset objects reloaded before import = 0
Number of asset objects unloaded after import = 10
========================================================================
Received Import Request.
  Time since last request: 59.555889 seconds.
  path: Assets/Sprites/Suelo.prefab
  artifactKey: Guid(3eebb9401d3cde642a6438190dafe1ab) Importer(815301076,1909f56bfc062723c751e8b465ee728b)
Start importing Assets/Sprites/Suelo.prefab using Guid(3eebb9401d3cde642a6438190dafe1ab) Importer(815301076,1909f56bfc062723c751e8b465ee728b)  -> (artifact id: '737e02d19478febabc5b1a03543e9ef6') in 0.039028 seconds
Number of updated asset objects reloaded before import = 0
Number of asset objects unloaded after import = 10
========================================================================
Received Import Request.
  Time since last request: 18.284013 seconds.
  path: Assets/Sprites/Sprite suelo prototipo.asset
  artifactKey: Guid(0839be39dd96e5c41bde2c041e2b9ce9) Importer(815301076,1909f56bfc062723c751e8b465ee728b)
Start importing Assets/Sprites/Sprite suelo prototipo.asset using Guid(0839be39dd96e5c41bde2c041e2b9ce9) Importer(815301076,1909f56bfc062723c751e8b465ee728b)  -> (artifact id: '9f05372356e9cb7d57c15388f53465d8') in 0.013577 seconds
Number of updated asset objects reloaded before import = 0
Number of asset objects unloaded after import = 3
========================================================================
Received Import Request.
  Time since last request: 68.345357 seconds.
  path: Assets/Sprites/Suelo.prefab
  artifactKey: Guid(3eebb9401d3cde642a6438190dafe1ab) Importer(815301076,1909f56bfc062723c751e8b465ee728b)
Start importing Assets/Sprites/Suelo.prefab using Guid(3eebb9401d3cde642a6438190dafe1ab) Importer(815301076,1909f56bfc062723c751e8b465ee728b)  -> (artifact id: '95982834ff55755c701763ee46c2d59a') in 0.013487 seconds
Number of updated asset objects reloaded before import = 0
Number of asset objects unloaded after import = 13
========================================================================
Received Import Request.
  Time since last request: 5.560572 seconds.
  path: Assets/Sprites/Suelo.prefab
  artifactKey: Guid(3eebb9401d3cde642a6438190dafe1ab) Importer(815301076,1909f56bfc062723c751e8b465ee728b)
Start importing Assets/Sprites/Suelo.prefab using Guid(3eebb9401d3cde642a6438190dafe1ab) Importer(815301076,1909f56bfc062723c751e8b465ee728b)  -> (artifact id: '105264f54a93f6ea3b88292635a9fda1') in 0.013986 seconds
Number of updated asset objects reloaded before import = 0
Number of asset objects unloaded after import = 13
========================================================================
Received Import Request.
  Time since last request: 8.817763 seconds.
  path: Assets/Sprites/Sprite suelo prototipo.asset
  artifactKey: Guid(0839be39dd96e5c41bde2c041e2b9ce9) Importer(815301076,1909f56bfc062723c751e8b465ee728b)
Start importing Assets/Sprites/Sprite suelo prototipo.asset using Guid(0839be39dd96e5c41bde2c041e2b9ce9) Importer(815301076,1909f56bfc062723c751e8b465ee728b)  -> (artifact id: '2e918c4df2c02f0d788e23548818e426') in 0.003220 seconds
Number of updated asset objects reloaded before import = 0
Number of asset objects unloaded after import = 1
========================================================================
Received Import Request.
  Time since last request: 54.188604 seconds.
  path: Assets/Sprites/New Palette.prefab
  artifactKey: Guid(e9b9f3906fdbbe149ae03124816bae35) Importer(815301076,1909f56bfc062723c751e8b465ee728b)
Start importing Assets/Sprites/New Palette.prefab using Guid(e9b9f3906fdbbe149ae03124816bae35) Importer(815301076,1909f56bfc062723c751e8b465ee728b)  -> (artifact id: 'cf0cec8718a5f3447ca7c5ac82da0f0e') in 0.015441 seconds
Number of updated asset objects reloaded before import = 0
Number of asset objects unloaded after import = 10
========================================================================
Received Import Request.
  Time since last request: 104.565285 seconds.
  path: Assets/Sprites/dungeon_tiles.png
  artifactKey: Guid(1b6f253cc81579847b29e993cf971d68) Importer(815301076,1909f56bfc062723c751e8b465ee728b)
Start importing Assets/Sprites/dungeon_tiles.png using Guid(1b6f253cc81579847b29e993cf971d68) Importer(815301076,1909f56bfc062723c751e8b465ee728b)  -> (artifact id: '19946931cd831fe824866f7e1fe1eab0') in 0.025008 seconds
Number of updated asset objects reloaded before import = 0
Number of asset objects unloaded after import = 3
========================================================================
Received Import Request.
  Time since last request: 6.102605 seconds.
  path: Assets/Sprites/dungeon_tiles.asset
  artifactKey: Guid(284dd738345127a42b3b989aa9845082) Importer(815301076,1909f56bfc062723c751e8b465ee728b)
Start importing Assets/Sprites/dungeon_tiles.asset using Guid(284dd738345127a42b3b989aa9845082) Importer(815301076,1909f56bfc062723c751e8b465ee728b)  -> (artifact id: 'a712dc7c1bb2bbb6837f6baa161b3bb6') in 0.020775 seconds
Number of updated asset objects reloaded before import = 0
Number of asset objects unloaded after import = 3
========================================================================
Received Import Request.
  Time since last request: 11.757482 seconds.
  path: Assets/Sprites/New Palette 1.prefab
  artifactKey: Guid(85ec4f5466bc4d74589681df18d3994b) Importer(815301076,1909f56bfc062723c751e8b465ee728b)
Start importing Assets/Sprites/New Palette 1.prefab using Guid(85ec4f5466bc4d74589681df18d3994b) Importer(815301076,1909f56bfc062723c751e8b465ee728b)  -> (artifact id: '35d230133a14dc4c360fbb7b47b261bb') in 0.011752 seconds
Number of updated asset objects reloaded before import = 0
Number of asset objects unloaded after import = 10
========================================================================
Received Import Request.
  Time since last request: 2.023145 seconds.
  path: Assets/Sprites/New Palette 1.prefab
  artifactKey: Guid(85ec4f5466bc4d74589681df18d3994b) Importer(815301076,1909f56bfc062723c751e8b465ee728b)
Start importing Assets/Sprites/New Palette 1.prefab using Guid(85ec4f5466bc4d74589681df18d3994b) Importer(815301076,1909f56bfc062723c751e8b465ee728b)  -> (artifact id: 'b70ec827e1f41c7981a267adb094370a') in 0.013251 seconds
Number of updated asset objects reloaded before import = 0
Number of asset objects unloaded after import = 13
========================================================================
Received Import Request.
  Time since last request: 7.826618 seconds.
  path: Assets/Sprites/dungeon_tiles.asset
  artifactKey: Guid(284dd738345127a42b3b989aa9845082) Importer(815301076,1909f56bfc062723c751e8b465ee728b)
Start importing Assets/Sprites/dungeon_tiles.asset using Guid(284dd738345127a42b3b989aa9845082) Importer(815301076,1909f56bfc062723c751e8b465ee728b)  -> (artifact id: '987cbad9f95a2b96900367469dcf02ad') in 0.003274 seconds
Number of updated asset objects reloaded before import = 0
Number of asset objects unloaded after import = 1
========================================================================
Received Import Request.
  Time since last request: 0.000014 seconds.
  path: Assets/Sprites/New Palette 1.prefab
  artifactKey: Guid(85ec4f5466bc4d74589681df18d3994b) Importer(815301076,1909f56bfc062723c751e8b465ee728b)
Start importing Assets/Sprites/New Palette 1.prefab using Guid(85ec4f5466bc4d74589681df18d3994b) Importer(815301076,1909f56bfc062723c751e8b465ee728b)  -> (artifact id: '4d8c4ab208dc44faa1631bb074e5d8a3') in 0.012821 seconds
Number of updated asset objects reloaded before import = 0
Number of asset objects unloaded after import = 11
========================================================================
Received Import Request.
  Time since last request: 34.485817 seconds.
  path: Assets/Sprites/dungeon_tiles.png
  artifactKey: Guid(1b6f253cc81579847b29e993cf971d68) Importer(815301076,1909f56bfc062723c751e8b465ee728b)
Start importing Assets/Sprites/dungeon_tiles.png using Guid(1b6f253cc81579847b29e993cf971d68) Importer(815301076,1909f56bfc062723c751e8b465ee728b)  -> (artifact id: '35470eae8cc09ec99669f1336fe55431') in 0.013952 seconds
Number of updated asset objects reloaded before import = 0
Number of asset objects unloaded after import = 2
========================================================================
Received Import Request.
  Time since last request: 172.326201 seconds.
  path: Assets/Sprites/tilemap_packed.png
  artifactKey: Guid(f714b891348acc54eb4efec745dfcc52) Importer(815301076,1909f56bfc062723c751e8b465ee728b)
Start importing Assets/Sprites/tilemap_packed.png using Guid(f714b891348acc54eb4efec745dfcc52) Importer(815301076,1909f56bfc062723c751e8b465ee728b)  -> (artifact id: 'b211de1a3f4882f1a786d5dec877be81') in 0.090612 seconds
Number of updated asset objects reloaded before import = 0
Number of asset objects unloaded after import = 3
========================================================================
Received Import Request.
  Time since last request: 6.742672 seconds.
  path: Assets/Sprites/tilemap_packed.png
  artifactKey: Guid(f714b891348acc54eb4efec745dfcc52) Importer(815301076,1909f56bfc062723c751e8b465ee728b)
Start importing Assets/Sprites/tilemap_packed.png using Guid(f714b891348acc54eb4efec745dfcc52) Importer(815301076,1909f56bfc062723c751e8b465ee728b)  -> (artifact id: '986f45c387732c7cb76c94b12568397c') in 0.022659 seconds
Number of updated asset objects reloaded before import = 0
Number of asset objects unloaded after import = 2
========================================================================
Received Import Request.
  Time since last request: 20.131947 seconds.
  path: Assets/Sprites/tilemap_packed.png
  artifactKey: Guid(f714b891348acc54eb4efec745dfcc52) Importer(815301076,1909f56bfc062723c751e8b465ee728b)
Start importing Assets/Sprites/tilemap_packed.png using Guid(f714b891348acc54eb4efec745dfcc52) Importer(815301076,1909f56bfc062723c751e8b465ee728b)  -> (artifact id: '356e44b590dc9f6b23e5a67aade66ed3') in 0.641549 seconds
Number of updated asset objects reloaded before import = 0
Number of asset objects unloaded after import = 488
========================================================================
Received Import Request.
  Time since last request: 8.505625 seconds.
  path: Assets/Sprites/tilemap_packed.png
  artifactKey: Guid(f714b891348acc54eb4efec745dfcc52) Importer(815301076,1909f56bfc062723c751e8b465ee728b)
Start importing Assets/Sprites/tilemap_packed.png using Guid(f714b891348acc54eb4efec745dfcc52) Importer(815301076,1909f56bfc062723c751e8b465ee728b)  -> (artifact id: 'ac52f21b587a0dda2bd91c139454fb05') in 0.692206 seconds
Number of updated asset objects reloaded before import = 0
Number of asset objects unloaded after import = 488
========================================================================
Received Import Request.
  Time since last request: 25.935375 seconds.
  path: Assets/Sprites/New Palette.prefab
  artifactKey: Guid(e9b9f3906fdbbe149ae03124816bae35) Importer(815301076,1909f56bfc062723c751e8b465ee728b)
Start importing Assets/Sprites/New Palette.prefab using Guid(e9b9f3906fdbbe149ae03124816bae35) Importer(815301076,1909f56bfc062723c751e8b465ee728b)  -> (artifact id: '8263c846868c5e0ffffdf91c5ad8d39e') in 0.015868 seconds
Number of updated asset objects reloaded before import = 0
Number of asset objects unloaded after import = 10
========================================================================
Received Import Request.
  Time since last request: 8.594583 seconds.
  path: Assets/Sprites/New Palette.prefab
  artifactKey: Guid(e9b9f3906fdbbe149ae03124816bae35) Importer(815301076,1909f56bfc062723c751e8b465ee728b)
Start importing Assets/Sprites/New Palette.prefab using Guid(e9b9f3906fdbbe149ae03124816bae35) Importer(815301076,1909f56bfc062723c751e8b465ee728b)  -> (artifact id: '45a63dd33a9acf9d28d5edf35215cff9') in 0.152127 seconds
Number of updated asset objects reloaded before import = 0
Number of asset objects unloaded after import = 983
========================================================================
Received Import Request.
  Time since last request: 0.000037 seconds.
  path: Assets/Sprites/tilemap_packed_39.asset
  artifactKey: Guid(83d5368c3f68b1940a53a2f96392690f) Importer(815301076,1909f56bfc062723c751e8b465ee728b)
Start importing Assets/Sprites/tilemap_packed_39.asset using Guid(83d5368c3f68b1940a53a2f96392690f) Importer(815301076,1909f56bfc062723c751e8b465ee728b)  -> (artifact id: 'fb8621bad36b0e7494cbf59cbc674cab') in 0.040643 seconds
Number of updated asset objects reloaded before import = 0
Number of asset objects unloaded after import = 3
========================================================================
Received Import Request.
  Time since last request: 0.000050 seconds.
  path: Assets/Sprites/tilemap_packed_69.asset
  artifactKey: Guid(0854df83bdd6f5347ad72f0978662ad0) Importer(815301076,1909f56bfc062723c751e8b465ee728b)
Start importing Assets/Sprites/tilemap_packed_69.asset using Guid(0854df83bdd6f5347ad72f0978662ad0) Importer(815301076,1909f56bfc062723c751e8b465ee728b)  -> (artifact id: 'dd4bc157b9e2812c56410efee1158c24') in 0.019391 seconds
Number of updated asset objects reloaded before import = 0
Number of asset objects unloaded after import = 3
========================================================================
Received Import Request.
  Time since last request: 0.000038 seconds.
  path: Assets/Sprites/tilemap_packed_75.asset
  artifactKey: Guid(71543d2dff3eae64c94d95576331ddfd) Importer(815301076,1909f56bfc062723c751e8b465ee728b)
Start importing Assets/Sprites/tilemap_packed_75.asset using Guid(71543d2dff3eae64c94d95576331ddfd) Importer(815301076,1909f56bfc062723c751e8b465ee728b)  -> (artifact id: '482cc056f3884264bdfa27d3e2f90f06') in 0.023615 seconds
Number of updated asset objects reloaded before import = 0
Number of asset objects unloaded after import = 3
========================================================================
Received Import Request.
  Time since last request: 0.000026 seconds.
  path: Assets/Sprites/tilemap_packed_42.asset
  artifactKey: Guid(2b1aff4d07fcf9442b5a3fa6d439bb4d) Importer(815301076,1909f56bfc062723c751e8b465ee728b)
Start importing Assets/Sprites/tilemap_packed_42.asset using Guid(2b1aff4d07fcf9442b5a3fa6d439bb4d) Importer(815301076,1909f56bfc062723c751e8b465ee728b)  -> (artifact id: 'f299a0cb17d7bf2d06bb99053e0c8a64') in 0.024317 seconds
Number of updated asset objects reloaded before import = 0
Number of asset objects unloaded after import = 3
========================================================================
Received Import Request.
  Time since last request: 0.000022 seconds.
  path: Assets/Sprites/tilemap_packed_40.asset
  artifactKey: Guid(b21fdd26e8676ca458e5f9349c42dd86) Importer(815301076,1909f56bfc062723c751e8b465ee728b)
Start importing Assets/Sprites/tilemap_packed_40.asset using Guid(b21fdd26e8676ca458e5f9349c42dd86) Importer(815301076,1909f56bfc062723c751e8b465ee728b)  -> (artifact id: '88cb3df26bd2fb01ff346f4dbf48d812') in 0.016827 seconds
Number of updated asset objects reloaded before import = 0
Number of asset objects unloaded after import = 3
========================================================================
Received Import Request.
  Time since last request: 0.000027 seconds.
  path: Assets/Sprites/tilemap_packed_33.asset
  artifactKey: Guid(16625373057f0384585c08cf54796506) Importer(815301076,1909f56bfc062723c751e8b465ee728b)
Start importing Assets/Sprites/tilemap_packed_33.asset using Guid(16625373057f0384585c08cf54796506) Importer(815301076,1909f56bfc062723c751e8b465ee728b)  -> (artifact id: '568e31b73f5a031e9117ce1689fe6f6a') in 0.013526 seconds
Number of updated asset objects reloaded before import = 0
Number of asset objects unloaded after import = 3
========================================================================
Received Import Request.
  Time since last request: 0.000036 seconds.
  path: Assets/Sprites/tilemap_packed_34.asset
  artifactKey: Guid(2de0ce7a93db42d4da15f4ff8393e6cd) Importer(815301076,1909f56bfc062723c751e8b465ee728b)
Start importing Assets/Sprites/tilemap_packed_34.asset using Guid(2de0ce7a93db42d4da15f4ff8393e6cd) Importer(815301076,1909f56bfc062723c751e8b465ee728b)  -> (artifact id: 'a4812c125569fec0155c80a275273694') in 0.024218 seconds
Number of updated asset objects reloaded before import = 0
Number of asset objects unloaded after import = 3
========================================================================
Received Import Request.
  Time since last request: 0.000037 seconds.
  path: Assets/Sprites/tilemap_packed_6.asset
  artifactKey: Guid(9ac366c890e21634288c451cdc1efd96) Importer(815301076,1909f56bfc062723c751e8b465ee728b)
Start importing Assets/Sprites/tilemap_packed_6.asset using Guid(9ac366c890e21634288c451cdc1efd96) Importer(815301076,1909f56bfc062723c751e8b465ee728b)  -> (artifact id: '9e663455e855d8e093498d6844267ad7') in 0.018262 seconds
Number of updated asset objects reloaded before import = 0
Number of asset objects unloaded after import = 3
========================================================================
Received Import Request.
  Time since last request: 0.000028 seconds.
  path: Assets/Sprites/tilemap_packed_86.asset
  artifactKey: Guid(2afeb3a131b01464fadc94d134a27cc4) Importer(815301076,1909f56bfc062723c751e8b465ee728b)
Start importing Assets/Sprites/tilemap_packed_86.asset using Guid(2afeb3a131b01464fadc94d134a27cc4) Importer(815301076,1909f56bfc062723c751e8b465ee728b)  -> (artifact id: 'a875bd68cb74b1ef9cc93781d6c3db9e') in 0.015848 seconds
Number of updated asset objects reloaded before import = 0
Number of asset objects unloaded after import = 3
========================================================================
Received Import Request.
  Time since last request: 0.000034 seconds.
  path: Assets/Sprites/tilemap_packed_28.asset
  artifactKey: Guid(2755e51ee456362419d425ddd80ab2df) Importer(815301076,1909f56bfc062723c751e8b465ee728b)
Start importing Assets/Sprites/tilemap_packed_28.asset using Guid(2755e51ee456362419d425ddd80ab2df) Importer(815301076,1909f56bfc062723c751e8b465ee728b)  -> (artifact id: '8024ed1dbdb946738aa3c7f297b74567') in 0.019194 seconds
Number of updated asset objects reloaded before import = 0
Number of asset objects unloaded after import = 3
========================================================================
Received Import Request.
  Time since last request: 0.000021 seconds.
  path: Assets/Sprites/tilemap_packed_50.asset
  artifactKey: Guid(46cd60f4602c14c46833998031c2cf22) Importer(815301076,1909f56bfc062723c751e8b465ee728b)
Start importing Assets/Sprites/tilemap_packed_50.asset using Guid(46cd60f4602c14c46833998031c2cf22) Importer(815301076,1909f56bfc062723c751e8b465ee728b)  -> (artifact id: '85d9ee46debb5beaadef19899704a933') in 0.022054 seconds
Number of updated asset objects reloaded before import = 0
Number of asset objects unloaded after import = 3
========================================================================
Received Import Request.
  Time since last request: 0.000026 seconds.
  path: Assets/Sprites/tilemap_packed_67.asset
  artifactKey: Guid(c21f687d91a18b84fb816367ee5e807d) Importer(815301076,1909f56bfc062723c751e8b465ee728b)
Start importing Assets/Sprites/tilemap_packed_67.asset using Guid(c21f687d91a18b84fb816367ee5e807d) Importer(815301076,1909f56bfc062723c751e8b465ee728b)  -> (artifact id: '4a597180a91f1979dcc5f376e458f8f9') in 0.033695 seconds
Number of updated asset objects reloaded before import = 0
Number of asset objects unloaded after import = 3
========================================================================
Received Import Request.
  Time since last request: 0.000034 seconds.
  path: Assets/Sprites/tilemap_packed_77.asset
  artifactKey: Guid(07ea8ee0d65bec44983efd45bfb6d759) Importer(815301076,1909f56bfc062723c751e8b465ee728b)
Start importing Assets/Sprites/tilemap_packed_77.asset using Guid(07ea8ee0d65bec44983efd45bfb6d759) Importer(815301076,1909f56bfc062723c751e8b465ee728b)  -> (artifact id: '524dfc804eb8e1bf7683c08c8ce61909') in 0.020026 seconds
Number of updated asset objects reloaded before import = 0
Number of asset objects unloaded after import = 3
========================================================================
Received Import Request.
  Time since last request: 0.000036 seconds.
  path: Assets/Sprites/tilemap_packed_91.asset
  artifactKey: Guid(2aa54e09966a5034a92ee9518c1f81f9) Importer(815301076,1909f56bfc062723c751e8b465ee728b)
Start importing Assets/Sprites/tilemap_packed_91.asset using Guid(2aa54e09966a5034a92ee9518c1f81f9) Importer(815301076,1909f56bfc062723c751e8b465ee728b)  -> (artifact id: 'a8d478fa8a05c7fc0814dbeb2b2e26f1') in 0.014892 seconds
Number of updated asset objects reloaded before import = 0
Number of asset objects unloaded after import = 3
========================================================================
Received Import Request.
  Time since last request: 0.000021 seconds.
  path: Assets/Sprites/tilemap_packed_46.asset
  artifactKey: Guid(56d59c1a2bbd64b418140abb4c14cf0a) Importer(815301076,1909f56bfc062723c751e8b465ee728b)
Start importing Assets/Sprites/tilemap_packed_46.asset using Guid(56d59c1a2bbd64b418140abb4c14cf0a) Importer(815301076,1909f56bfc062723c751e8b465ee728b)  -> (artifact id: '62da8c32e335deb8f84caf79f44f7b17') in 0.013278 seconds
Number of updated asset objects reloaded before import = 0
Number of asset objects unloaded after import = 3
========================================================================
Received Import Request.
  Time since last request: 0.000015 seconds.
  path: Assets/Sprites/tilemap_packed_13.asset
  artifactKey: Guid(2327290c4a359b8459a027ec763bd82c) Importer(815301076,1909f56bfc062723c751e8b465ee728b)
Start importing Assets/Sprites/tilemap_packed_13.asset using Guid(2327290c4a359b8459a027ec763bd82c) Importer(815301076,1909f56bfc062723c751e8b465ee728b)  -> (artifact id: '3ec1d0e788a4a9650d9dd30d25274bcb') in 0.015293 seconds
Number of updated asset objects reloaded before import = 0
Number of asset objects unloaded after import = 3
========================================================================
Received Import Request.
  Time since last request: 0.000028 seconds.
  path: Assets/Sprites/tilemap_packed_48.asset
  artifactKey: Guid(1e2f494d85af53e488005ea3695ec443) Importer(815301076,1909f56bfc062723c751e8b465ee728b)
Start importing Assets/Sprites/tilemap_packed_48.asset using Guid(1e2f494d85af53e488005ea3695ec443) Importer(815301076,1909f56bfc062723c751e8b465ee728b)  -> (artifact id: 'd5a42095674cdb6f0ff8db065b499528') in 0.018695 seconds
Number of updated asset objects reloaded before import = 0
Number of asset objects unloaded after import = 3
========================================================================
Received Import Request.
  Time since last request: 0.000020 seconds.
  path: Assets/Sprites/tilemap_packed_22.asset
  artifactKey: Guid(a5566ea0375a9b647b050368772ca3e9) Importer(815301076,1909f56bfc062723c751e8b465ee728b)
Start importing Assets/Sprites/tilemap_packed_22.asset using Guid(a5566ea0375a9b647b050368772ca3e9) Importer(815301076,1909f56bfc062723c751e8b465ee728b)  -> (artifact id: '87d1136d0b192fea25ee1284c793970d') in 0.015182 seconds
Number of updated asset objects reloaded before import = 0
Number of asset objects unloaded after import = 3
========================================================================
Received Import Request.
  Time since last request: 0.000017 seconds.
  path: Assets/Sprites/tilemap_packed_57.asset
  artifactKey: Guid(beb6aeffe6138364bad67e235e607aed) Importer(815301076,1909f56bfc062723c751e8b465ee728b)
Start importing Assets/Sprites/tilemap_packed_57.asset using Guid(beb6aeffe6138364bad67e235e607aed) Importer(815301076,1909f56bfc062723c751e8b465ee728b)  -> (artifact id: '8aa09774e40d4fe13c38547d01b7d2af') in 0.016860 seconds
Number of updated asset objects reloaded before import = 0
Number of asset objects unloaded after import = 3
========================================================================
Received Import Request.
  Time since last request: 0.000019 seconds.
  path: Assets/Sprites/tilemap_packed_30.asset
  artifactKey: Guid(291a6368dfd2541479a75b329b036722) Importer(815301076,1909f56bfc062723c751e8b465ee728b)
Start importing Assets/Sprites/tilemap_packed_30.asset using Guid(291a6368dfd2541479a75b329b036722) Importer(815301076,1909f56bfc062723c751e8b465ee728b)  -> (artifact id: '31758dfb04d515e1556c8f773f856b2a') in 0.017409 seconds
Number of updated asset objects reloaded before import = 0
Number of asset objects unloaded after import = 3
========================================================================
Received Import Request.
  Time since last request: 0.000024 seconds.
  path: Assets/Sprites/tilemap_packed_3.asset
  artifactKey: Guid(63374091917f362488f1f62572a2bf1a) Importer(815301076,1909f56bfc062723c751e8b465ee728b)
Start importing Assets/Sprites/tilemap_packed_3.asset using Guid(63374091917f362488f1f62572a2bf1a) Importer(815301076,1909f56bfc062723c751e8b465ee728b)  -> (artifact id: 'c59b9707f2b0fd93fea4edcaecde7639') in 0.016269 seconds
Number of updated asset objects reloaded before import = 0
Number of asset objects unloaded after import = 3
========================================================================
Received Import Request.
  Time since last request: 0.000015 seconds.
  path: Assets/Sprites/tilemap_packed_54.asset
  artifactKey: Guid(8fd1c00b023c8aa40974d60f10f887a8) Importer(815301076,1909f56bfc062723c751e8b465ee728b)
Start importing Assets/Sprites/tilemap_packed_54.asset using Guid(8fd1c00b023c8aa40974d60f10f887a8) Importer(815301076,1909f56bfc062723c751e8b465ee728b)  -> (artifact id: '4faad6a165d80c2830f391480e6889f8') in 0.014660 seconds
Number of updated asset objects reloaded before import = 0
Number of asset objects unloaded after import = 3
========================================================================
Received Import Request.
  Time since last request: 0.000023 seconds.
  path: Assets/Sprites/tilemap_packed_70.asset
  artifactKey: Guid(2983828b098205f44849007e09cbed9e) Importer(815301076,1909f56bfc062723c751e8b465ee728b)
Start importing Assets/Sprites/tilemap_packed_70.asset using Guid(2983828b098205f44849007e09cbed9e) Importer(815301076,1909f56bfc062723c751e8b465ee728b)  -> (artifact id: 'fa50f68e73fb5356cb3e8acaf16d18a4') in 0.016686 seconds
Number of updated asset objects reloaded before import = 0
Number of asset objects unloaded after import = 3
========================================================================
Received Import Request.
  Time since last request: 0.000018 seconds.
  path: Assets/Sprites/tilemap_packed_23.asset
  artifactKey: Guid(5a561337371ed2e408d51f76f26e7504) Importer(815301076,1909f56bfc062723c751e8b465ee728b)
Start importing Assets/Sprites/tilemap_packed_23.asset using Guid(5a561337371ed2e408d51f76f26e7504) Importer(815301076,1909f56bfc062723c751e8b465ee728b)  -> (artifact id: 'd4771ed6d6730e624067d1c6d72b306f') in 0.014791 seconds
Number of updated asset objects reloaded before import = 0
Number of asset objects unloaded after import = 3
========================================================================
Received Import Request.
  Time since last request: 0.000022 seconds.
  path: Assets/Sprites/tilemap_packed_82.asset
  artifactKey: Guid(1cd1a463175d46a438c92f0bb2c1c23c) Importer(815301076,1909f56bfc062723c751e8b465ee728b)
Start importing Assets/Sprites/tilemap_packed_82.asset using Guid(1cd1a463175d46a438c92f0bb2c1c23c) Importer(815301076,1909f56bfc062723c751e8b465ee728b)  -> (artifact id: 'de45abc35f6db6315045f5023f5277a6') in 0.022303 seconds
Number of updated asset objects reloaded before import = 0
Number of asset objects unloaded after import = 3
========================================================================
Received Import Request.
  Time since last request: 0.000019 seconds.
  path: Assets/Sprites/tilemap_packed_14.asset
  artifactKey: Guid(13a637ef549551e4e95ab614d77e0d30) Importer(815301076,1909f56bfc062723c751e8b465ee728b)
Start importing Assets/Sprites/tilemap_packed_14.asset using Guid(13a637ef549551e4e95ab614d77e0d30) Importer(815301076,1909f56bfc062723c751e8b465ee728b)  -> (artifact id: '4aa6c34660fe7f78ebd43789fc7625ae') in 0.019012 seconds
Number of updated asset objects reloaded before import = 0
Number of asset objects unloaded after import = 3
========================================================================
Received Import Request.
  Time since last request: 0.000024 seconds.
  path: Assets/Sprites/tilemap_packed_26.asset
  artifactKey: Guid(aff9086bb23f779469f822e42b13a451) Importer(815301076,1909f56bfc062723c751e8b465ee728b)
Start importing Assets/Sprites/tilemap_packed_26.asset using Guid(aff9086bb23f779469f822e42b13a451) Importer(815301076,1909f56bfc062723c751e8b465ee728b)  -> (artifact id: '0dfd43c759632afbf8b80d211845b2b0') in 0.015713 seconds
Number of updated asset objects reloaded before import = 0
Number of asset objects unloaded after import = 3
========================================================================
Received Import Request.
  Time since last request: 0.000043 seconds.
  path: Assets/Sprites/tilemap_packed_17.asset
  artifactKey: Guid(476a470d56107ce4191f23390939f437) Importer(815301076,1909f56bfc062723c751e8b465ee728b)
Start importing Assets/Sprites/tilemap_packed_17.asset using Guid(476a470d56107ce4191f23390939f437) Importer(815301076,1909f56bfc062723c751e8b465ee728b)  -> (artifact id: '811ee1623f45c455662dcf1a53529bce') in 0.010651 seconds
Number of updated asset objects reloaded before import = 0
Number of asset objects unloaded after import = 3
========================================================================
Received Import Request.
  Time since last request: 0.000015 seconds.
  path: Assets/Sprites/tilemap_packed_21.asset
  artifactKey: Guid(9bab2497012fb5b448d12e19c4e1dca6) Importer(815301076,1909f56bfc062723c751e8b465ee728b)
Start importing Assets/Sprites/tilemap_packed_21.asset using Guid(9bab2497012fb5b448d12e19c4e1dca6) Importer(815301076,1909f56bfc062723c751e8b465ee728b)  -> (artifact id: 'a70da63e15c439603f533055bc3dd6d0') in 0.017339 seconds
Number of updated asset objects reloaded before import = 0
Number of asset objects unloaded after import = 3
========================================================================
Received Import Request.
  Time since last request: 0.000025 seconds.
  path: Assets/Sprites/tilemap_packed_78.asset
  artifactKey: Guid(6edfa0aea78978449a0e09fcbdad1d30) Importer(815301076,1909f56bfc062723c751e8b465ee728b)
Start importing Assets/Sprites/tilemap_packed_78.asset using Guid(6edfa0aea78978449a0e09fcbdad1d30) Importer(815301076,1909f56bfc062723c751e8b465ee728b)  -> (artifact id: '1657686a8da069b8924a8b5fd6418fdc') in 0.014694 seconds
Number of updated asset objects reloaded before import = 0
Number of asset objects unloaded after import = 3
========================================================================
Received Import Request.
  Time since last request: 0.000022 seconds.
  path: Assets/Sprites/tilemap_packed_71.asset
  artifactKey: Guid(a12fec91d8831af40b422e5b21eb7ca7) Importer(815301076,1909f56bfc062723c751e8b465ee728b)
Start importing Assets/Sprites/tilemap_packed_71.asset using Guid(a12fec91d8831af40b422e5b21eb7ca7) Importer(815301076,1909f56bfc062723c751e8b465ee728b)  -> (artifact id: '28472337cb27883ef81959d059ce4ad2') in 0.014775 seconds
Number of updated asset objects reloaded before import = 0
Number of asset objects unloaded after import = 3
========================================================================
Received Import Request.
  Time since last request: 0.000015 seconds.
  path: Assets/Sprites/tilemap_packed_92.asset
  artifactKey: Guid(3a4b918b8ba149c4c8ebdadbc433b8d1) Importer(815301076,1909f56bfc062723c751e8b465ee728b)
Start importing Assets/Sprites/tilemap_packed_92.asset using Guid(3a4b918b8ba149c4c8ebdadbc433b8d1) Importer(815301076,1909f56bfc062723c751e8b465ee728b)  -> (artifact id: '2affe64c86fec76e9ec12bab26934d6f') in 0.009185 seconds
Number of updated asset objects reloaded before import = 0
Number of asset objects unloaded after import = 3
========================================================================
Received Import Request.
  Time since last request: 0.000021 seconds.
  path: Assets/Sprites/tilemap_packed_53.asset
  artifactKey: Guid(2555d32e7e319144fb7a21c8b3b01933) Importer(815301076,1909f56bfc062723c751e8b465ee728b)
Start importing Assets/Sprites/tilemap_packed_53.asset using Guid(2555d32e7e319144fb7a21c8b3b01933) Importer(815301076,1909f56bfc062723c751e8b465ee728b)  -> (artifact id: 'c9ae34e252b27ac7549a5fe4ebd018ee') in 0.012984 seconds
Number of updated asset objects reloaded before import = 0
Number of asset objects unloaded after import = 3
========================================================================
Received Import Request.
  Time since last request: 0.000019 seconds.
  path: Assets/Sprites/tilemap_packed_15.asset
  artifactKey: Guid(60101b437352d5a429da851cbe3e15d5) Importer(815301076,1909f56bfc062723c751e8b465ee728b)
Start importing Assets/Sprites/tilemap_packed_15.asset using Guid(60101b437352d5a429da851cbe3e15d5) Importer(815301076,1909f56bfc062723c751e8b465ee728b)  -> (artifact id: 'f599acf51e19339657c4572e15ebb99f') in 0.010792 seconds
Number of updated asset objects reloaded before import = 0
Number of asset objects unloaded after import = 3
========================================================================
Received Import Request.
  Time since last request: 0.000016 seconds.
  path: Assets/Sprites/tilemap_packed_5.asset
  artifactKey: Guid(e2337849aa8462d49a547c2fd625d7bf) Importer(815301076,1909f56bfc062723c751e8b465ee728b)
Start importing Assets/Sprites/tilemap_packed_5.asset using Guid(e2337849aa8462d49a547c2fd625d7bf) Importer(815301076,1909f56bfc062723c751e8b465ee728b)  -> (artifact id: '9fa7eefd8c040266230ae666452f61cc') in 0.012250 seconds
Number of updated asset objects reloaded before import = 0
Number of asset objects unloaded after import = 3
========================================================================
Received Import Request.
  Time since last request: 0.000018 seconds.
  path: Assets/Sprites/tilemap_packed_76.asset
  artifactKey: Guid(dc1bdb05b01b2a7429aa3c878c3625c5) Importer(815301076,1909f56bfc062723c751e8b465ee728b)
Start importing Assets/Sprites/tilemap_packed_76.asset using Guid(dc1bdb05b01b2a7429aa3c878c3625c5) Importer(815301076,1909f56bfc062723c751e8b465ee728b)  -> (artifact id: 'd149197d25b9952b7904cd7bdc7a9fdc') in 0.011551 seconds
Number of updated asset objects reloaded before import = 0
Number of asset objects unloaded after import = 3
========================================================================
Received Import Request.
  Time since last request: 0.000022 seconds.
  path: Assets/Sprites/tilemap_packed_84.asset
  artifactKey: Guid(fd7bff4ede0f1e44a995fc07d36491f2) Importer(815301076,1909f56bfc062723c751e8b465ee728b)
Start importing Assets/Sprites/tilemap_packed_84.asset using Guid(fd7bff4ede0f1e44a995fc07d36491f2) Importer(815301076,1909f56bfc062723c751e8b465ee728b)  -> (artifact id: '00eeb7a69c84f56ef102c4e987ea08c5') in 0.009421 seconds
Number of updated asset objects reloaded before import = 0
Number of asset objects unloaded after import = 3
========================================================================
Received Import Request.
  Time since last request: 0.000014 seconds.
  path: Assets/Sprites/tilemap_packed_8.asset
  artifactKey: Guid(11010cbf5ad3eb24ca0020213d5c561b) Importer(815301076,1909f56bfc062723c751e8b465ee728b)
Start importing Assets/Sprites/tilemap_packed_8.asset using Guid(11010cbf5ad3eb24ca0020213d5c561b) Importer(815301076,1909f56bfc062723c751e8b465ee728b)  -> (artifact id: 'd0db95291e2e0383024d92cc7dafd5da') in 0.012215 seconds
Number of updated asset objects reloaded before import = 0
Number of asset objects unloaded after import = 3
========================================================================
Received Import Request.
  Time since last request: 0.000016 seconds.
  path: Assets/Sprites/tilemap_packed_41.asset
  artifactKey: Guid(d1994ac8d3efc644a8104137c8c0a29e) Importer(815301076,1909f56bfc062723c751e8b465ee728b)
Start importing Assets/Sprites/tilemap_packed_41.asset using Guid(d1994ac8d3efc644a8104137c8c0a29e) Importer(815301076,1909f56bfc062723c751e8b465ee728b)  -> (artifact id: '942131f882b95993b4e758497c5bb24d') in 0.012526 seconds
Number of updated asset objects reloaded before import = 0
Number of asset objects unloaded after import = 3
========================================================================
Received Import Request.
  Time since last request: 0.000020 seconds.
  path: Assets/Sprites/tilemap_packed_27.asset
  artifactKey: Guid(353faca8430abfa48a0560066acdbadc) Importer(815301076,1909f56bfc062723c751e8b465ee728b)
Start importing Assets/Sprites/tilemap_packed_27.asset using Guid(353faca8430abfa48a0560066acdbadc) Importer(815301076,1909f56bfc062723c751e8b465ee728b)  -> (artifact id: 'c6f6373a85c3f5586a28f2ff0f14cd0a') in 0.013494 seconds
Number of updated asset objects reloaded before import = 0
Number of asset objects unloaded after import = 3
========================================================================
Received Import Request.
  Time since last request: 0.000015 seconds.
  path: Assets/Sprites/tilemap_packed_31.asset
  artifactKey: Guid(e979a41e1f025a24a876d6d3934a0374) Importer(815301076,1909f56bfc062723c751e8b465ee728b)
Start importing Assets/Sprites/tilemap_packed_31.asset using Guid(e979a41e1f025a24a876d6d3934a0374) Importer(815301076,1909f56bfc062723c751e8b465ee728b)  -> (artifact id: '1ce88417dc7180ec6dabccb8be8ab9ca') in 0.010339 seconds
Number of updated asset objects reloaded before import = 0
Number of asset objects unloaded after import = 3
========================================================================
Received Import Request.
  Time since last request: 0.000020 seconds.
  path: Assets/Sprites/tilemap_packed_29.asset
  artifactKey: Guid(ca9216eb3bcaaa64684f0d7af14d3ce8) Importer(815301076,1909f56bfc062723c751e8b465ee728b)
Start importing Assets/Sprites/tilemap_packed_29.asset using Guid(ca9216eb3bcaaa64684f0d7af14d3ce8) Importer(815301076,1909f56bfc062723c751e8b465ee728b)  -> (artifact id: '8546a8b82ae409b373f2b4d7c35e62c4') in 0.014568 seconds
Number of updated asset objects reloaded before import = 0
Number of asset objects unloaded after import = 3
========================================================================
Received Import Request.
  Time since last request: 0.000014 seconds.
  path: Assets/Sprites/tilemap_packed_43.asset
  artifactKey: Guid(6ffc759bb22e5cc47933b58f84c63030) Importer(815301076,1909f56bfc062723c751e8b465ee728b)
Start importing Assets/Sprites/tilemap_packed_43.asset using Guid(6ffc759bb22e5cc47933b58f84c63030) Importer(815301076,1909f56bfc062723c751e8b465ee728b)  -> (artifact id: '945e03f911e6122052392c3b8cd23490') in 0.014530 seconds
Number of updated asset objects reloaded before import = 0
Number of asset objects unloaded after import = 3
========================================================================
Received Import Request.
  Time since last request: 0.000023 seconds.
  path: Assets/Sprites/tilemap_packed_20.asset
  artifactKey: Guid(3f435700b97aab74ebc13416ab8980f0) Importer(815301076,1909f56bfc062723c751e8b465ee728b)
Start importing Assets/Sprites/tilemap_packed_20.asset using Guid(3f435700b97aab74ebc13416ab8980f0) Importer(815301076,1909f56bfc062723c751e8b465ee728b)  -> (artifact id: '72f30764de8cacf4538ce94c10ff638d') in 0.017912 seconds
Number of updated asset objects reloaded before import = 0
Number of asset objects unloaded after import = 3
========================================================================
Received Import Request.
  Time since last request: 0.000029 seconds.
  path: Assets/Sprites/tilemap_packed_66.asset
  artifactKey: Guid(97a64758a26b8c044876dfdbd7ff27ab) Importer(815301076,1909f56bfc062723c751e8b465ee728b)
Start importing Assets/Sprites/tilemap_packed_66.asset using Guid(97a64758a26b8c044876dfdbd7ff27ab) Importer(815301076,1909f56bfc062723c751e8b465ee728b)  -> (artifact id: '2dcfec71323cbaa251a6b1b8e5701098') in 0.009960 seconds
Number of updated asset objects reloaded before import = 0
Number of asset objects unloaded after import = 3
========================================================================
Received Import Request.
  Time since last request: 16.558914 seconds.
  path: Assets/Sprites/Suelo.prefab
  artifactKey: Guid(3eebb9401d3cde642a6438190dafe1ab) Importer(815301076,1909f56bfc062723c751e8b465ee728b)
Start importing Assets/Sprites/Suelo.prefab using Guid(3eebb9401d3cde642a6438190dafe1ab) Importer(815301076,1909f56bfc062723c751e8b465ee728b)  -> (artifact id: '7c2a688d9fb5a75e5d6e868f2440e761') in 0.011190 seconds
Number of updated asset objects reloaded before import = 0
Number of asset objects unloaded after import = 9
========================================================================
Received Import Request.
  Time since last request: 0.995156 seconds.
  path: Assets/Sprites/Suelo.prefab
  artifactKey: Guid(3eebb9401d3cde642a6438190dafe1ab) Importer(815301076,1909f56bfc062723c751e8b465ee728b)
Start importing Assets/Sprites/Suelo.prefab using Guid(3eebb9401d3cde642a6438190dafe1ab) Importer(815301076,1909f56bfc062723c751e8b465ee728b)  -> (artifact id: 'e2b24a75c3d02e2580087dfd27b6e4f9') in 0.014121 seconds
Number of updated asset objects reloaded before import = 0
Number of asset objects unloaded after import = 12
========================================================================
Received Import Request.
  Time since last request: 84.682129 seconds.
  path: Assets/Sprites/Suelo.prefab
  artifactKey: Guid(3eebb9401d3cde642a6438190dafe1ab) Importer(815301076,1909f56bfc062723c751e8b465ee728b)
Start importing Assets/Sprites/Suelo.prefab using Guid(3eebb9401d3cde642a6438190dafe1ab) Importer(815301076,1909f56bfc062723c751e8b465ee728b)  -> (artifact id: '0f83db83dc3161cc4f80f86191e6f8ec') in 0.026464 seconds
Number of updated asset objects reloaded before import = 0
Number of asset objects unloaded after import = 12
========================================================================
Received Import Request.
  Time since last request: 0.000027 seconds.
  path: Assets/Sprites/tilemap_packed_4.asset
  artifactKey: Guid(095ff1ad141520045a755ae5d45b9c8a) Importer(815301076,1909f56bfc062723c751e8b465ee728b)
Start importing Assets/Sprites/tilemap_packed_4.asset using Guid(095ff1ad141520045a755ae5d45b9c8a) Importer(815301076,1909f56bfc062723c751e8b465ee728b)  -> (artifact id: '90ee8f98d62a41dfe3c77cf3547354e0') in 0.018624 seconds
Number of updated asset objects reloaded before import = 0
Number of asset objects unloaded after import = 3
========================================================================
Received Import Request.
  Time since last request: 0.000021 seconds.
  path: Assets/Sprites/tilemap_packed_7.asset
  artifactKey: Guid(8327cf084124cbd4fa25a4b89726cb6d) Importer(815301076,1909f56bfc062723c751e8b465ee728b)
Start importing Assets/Sprites/tilemap_packed_7.asset using Guid(8327cf084124cbd4fa25a4b89726cb6d) Importer(815301076,1909f56bfc062723c751e8b465ee728b)  -> (artifact id: 'ebdf74d661309c86ea4175c8709f393a') in 0.022447 seconds
Number of updated asset objects reloaded before import = 0
Number of asset objects unloaded after import = 3
========================================================================
Received Import Request.
  Time since last request: 0.000037 seconds.
  path: Assets/Sprites/tilemap_packed_80.asset
  artifactKey: Guid(d1d23ad7f4e7b224690f6e0f0f1ed951) Importer(815301076,1909f56bfc062723c751e8b465ee728b)
Start importing Assets/Sprites/tilemap_packed_80.asset using Guid(d1d23ad7f4e7b224690f6e0f0f1ed951) Importer(815301076,1909f56bfc062723c751e8b465ee728b)  -> (artifact id: '4482ed1c8d04703fe1b33910210640cb') in 0.016806 seconds
Number of updated asset objects reloaded before import = 0
Number of asset objects unloaded after import = 3
========================================================================
Received Import Request.
  Time since last request: 0.000021 seconds.
  path: Assets/Sprites/tilemap_packed_35.asset
  artifactKey: Guid(58f8810cab3454147901be87ae055800) Importer(815301076,1909f56bfc062723c751e8b465ee728b)
Start importing Assets/Sprites/tilemap_packed_35.asset using Guid(58f8810cab3454147901be87ae055800) Importer(815301076,1909f56bfc062723c751e8b465ee728b)  -> (artifact id: '75a3db6cdd4fffc6e16f6037b5eb7ebc') in 0.016788 seconds
Number of updated asset objects reloaded before import = 0
Number of asset objects unloaded after import = 3
========================================================================
Received Import Request.
  Time since last request: 0.000017 seconds.
  path: Assets/Sprites/tilemap_packed_39.asset
  artifactKey: Guid(83d5368c3f68b1940a53a2f96392690f) Importer(815301076,1909f56bfc062723c751e8b465ee728b)
Start importing Assets/Sprites/tilemap_packed_39.asset using Guid(83d5368c3f68b1940a53a2f96392690f) Importer(815301076,1909f56bfc062723c751e8b465ee728b)  -> (artifact id: 'ef6bebf52e541eb7b67a1f450eec88f9') in 0.017404 seconds
Number of updated asset objects reloaded before import = 0
Number of asset objects unloaded after import = 3
========================================================================
Received Import Request.
  Time since last request: 0.000020 seconds.
  path: Assets/Sprites/tilemap_packed_12.asset
  artifactKey: Guid(a1cbce943a914154b9ab578c8dabff88) Importer(815301076,1909f56bfc062723c751e8b465ee728b)
Start importing Assets/Sprites/tilemap_packed_12.asset using Guid(a1cbce943a914154b9ab578c8dabff88) Importer(815301076,1909f56bfc062723c751e8b465ee728b)  -> (artifact id: '114c9d089c1e4ce3870a9f39e95c2a70') in 0.016339 seconds
Number of updated asset objects reloaded before import = 0
Number of asset objects unloaded after import = 3
========================================================================
Received Import Request.
  Time since last request: 0.000027 seconds.
  path: Assets/Sprites/tilemap_packed_55.asset
  artifactKey: Guid(f3a35922e4f81df478376270b420b7e1) Importer(815301076,1909f56bfc062723c751e8b465ee728b)
Start importing Assets/Sprites/tilemap_packed_55.asset using Guid(f3a35922e4f81df478376270b420b7e1) Importer(815301076,1909f56bfc062723c751e8b465ee728b)  -> (artifact id: 'e9dc9527b6689d2077056e762cff4db3') in 0.016787 seconds
Number of updated asset objects reloaded before import = 0
Number of asset objects unloaded after import = 3
========================================================================
Received Import Request.
  Time since last request: 0.000017 seconds.
  path: Assets/Sprites/tilemap_packed_69.asset
  artifactKey: Guid(0854df83bdd6f5347ad72f0978662ad0) Importer(815301076,1909f56bfc062723c751e8b465ee728b)
Start importing Assets/Sprites/tilemap_packed_69.asset using Guid(0854df83bdd6f5347ad72f0978662ad0) Importer(815301076,1909f56bfc062723c751e8b465ee728b)  -> (artifact id: '3fe4daf38e3b1322365770ff4abcc286') in 0.014639 seconds
Number of updated asset objects reloaded before import = 0
Number of asset objects unloaded after import = 3
========================================================================
Received Import Request.
  Time since last request: 0.000019 seconds.
  path: Assets/Sprites/tilemap_packed_75.asset
  artifactKey: Guid(71543d2dff3eae64c94d95576331ddfd) Importer(815301076,1909f56bfc062723c751e8b465ee728b)
Start importing Assets/Sprites/tilemap_packed_75.asset using Guid(71543d2dff3eae64c94d95576331ddfd) Importer(815301076,1909f56bfc062723c751e8b465ee728b)  -> (artifact id: 'd4a8edf55bd9174c592ab482e3988e5a') in 0.014655 seconds
Number of updated asset objects reloaded before import = 0
Number of asset objects unloaded after import = 3
========================================================================
Received Import Request.
  Time since last request: 0.000028 seconds.
  path: Assets/Sprites/tilemap_packed_42.asset
  artifactKey: Guid(2b1aff4d07fcf9442b5a3fa6d439bb4d) Importer(815301076,1909f56bfc062723c751e8b465ee728b)
Start importing Assets/Sprites/tilemap_packed_42.asset using Guid(2b1aff4d07fcf9442b5a3fa6d439bb4d) Importer(815301076,1909f56bfc062723c751e8b465ee728b)  -> (artifact id: '1a3be1be74bd3a48b91f4d6c6792d323') in 0.013117 seconds
Number of updated asset objects reloaded before import = 0
Number of asset objects unloaded after import = 3
========================================================================
Received Import Request.
  Time since last request: 0.000023 seconds.
  path: Assets/Sprites/tilemap_packed_68.asset
  artifactKey: Guid(c477243083d4c7549b7cd64cfb72f29b) Importer(815301076,1909f56bfc062723c751e8b465ee728b)
Start importing Assets/Sprites/tilemap_packed_68.asset using Guid(c477243083d4c7549b7cd64cfb72f29b) Importer(815301076,1909f56bfc062723c751e8b465ee728b)  -> (artifact id: 'e0fb168c4e2e032bccaf00d7954d4d6c') in 0.013279 seconds
Number of updated asset objects reloaded before import = 0
Number of asset objects unloaded after import = 3
========================================================================
Received Import Request.
  Time since last request: 0.000027 seconds.
  path: Assets/Sprites/tilemap_packed_40.asset
  artifactKey: Guid(b21fdd26e8676ca458e5f9349c42dd86) Importer(815301076,1909f56bfc062723c751e8b465ee728b)
Start importing Assets/Sprites/tilemap_packed_40.asset using Guid(b21fdd26e8676ca458e5f9349c42dd86) Importer(815301076,1909f56bfc062723c751e8b465ee728b)  -> (artifact id: '04351998c3ab8b9bce7993dda1ada2bf') in 0.016265 seconds
Number of updated asset objects reloaded before import = 0
Number of asset objects unloaded after import = 3
========================================================================
Received Import Request.
  Time since last request: 0.000018 seconds.
  path: Assets/Sprites/tilemap_packed_0.asset
  artifactKey: Guid(7f821461e3dc5ce4d935a2921e002c75) Importer(815301076,1909f56bfc062723c751e8b465ee728b)
Start importing Assets/Sprites/tilemap_packed_0.asset using Guid(7f821461e3dc5ce4d935a2921e002c75) Importer(815301076,1909f56bfc062723c751e8b465ee728b)  -> (artifact id: 'cf9f6eb1be0970c1519e3850ff59c28c') in 0.014159 seconds
Number of updated asset objects reloaded before import = 0
Number of asset objects unloaded after import = 3
========================================================================
Received Import Request.
  Time since last request: 0.000024 seconds.
  path: Assets/Sprites/tilemap_packed_33.asset
  artifactKey: Guid(16625373057f0384585c08cf54796506) Importer(815301076,1909f56bfc062723c751e8b465ee728b)
Start importing Assets/Sprites/tilemap_packed_33.asset using Guid(16625373057f0384585c08cf54796506) Importer(815301076,1909f56bfc062723c751e8b465ee728b)  -> (artifact id: '5b80bbdec549de0fd7bd0a83cf7ab2d1') in 0.015614 seconds
Number of updated asset objects reloaded before import = 0
Number of asset objects unloaded after import = 3
========================================================================
Received Import Request.
  Time since last request: 0.000021 seconds.
  path: Assets/Sprites/tilemap_packed_45.asset
  artifactKey: Guid(f686095dfdb95764b966f5084d5e461d) Importer(815301076,1909f56bfc062723c751e8b465ee728b)
Start importing Assets/Sprites/tilemap_packed_45.asset using Guid(f686095dfdb95764b966f5084d5e461d) Importer(815301076,1909f56bfc062723c751e8b465ee728b)  -> (artifact id: 'd8a12dcdd6ab8b9fa25a8c199ff6b39e') in 0.010923 seconds
Number of updated asset objects reloaded before import = 0
Number of asset objects unloaded after import = 3
========================================================================
Received Import Request.
  Time since last request: 0.000028 seconds.
  path: Assets/Sprites/tilemap_packed_6.asset
  artifactKey: Guid(9ac366c890e21634288c451cdc1efd96) Importer(815301076,1909f56bfc062723c751e8b465ee728b)
Start importing Assets/Sprites/tilemap_packed_6.asset using Guid(9ac366c890e21634288c451cdc1efd96) Importer(815301076,1909f56bfc062723c751e8b465ee728b)  -> (artifact id: '7b44e5f09df2ff67e7619fed109c507d') in 0.018950 seconds
Number of updated asset objects reloaded before import = 0
Number of asset objects unloaded after import = 3
========================================================================
Received Import Request.
  Time since last request: 0.000024 seconds.
  path: Assets/Sprites/tilemap_packed_86.asset
  artifactKey: Guid(2afeb3a131b01464fadc94d134a27cc4) Importer(815301076,1909f56bfc062723c751e8b465ee728b)
Start importing Assets/Sprites/tilemap_packed_86.asset using Guid(2afeb3a131b01464fadc94d134a27cc4) Importer(815301076,1909f56bfc062723c751e8b465ee728b)  -> (artifact id: '3a61299ac161f9d1725610c9c8ed3f52') in 0.016008 seconds
Number of updated asset objects reloaded before import = 0
Number of asset objects unloaded after import = 3
========================================================================
Received Import Request.
  Time since last request: 0.000049 seconds.
  path: Assets/Sprites/tilemap_packed_85.asset
  artifactKey: Guid(f8ded7f574024404fb8fa2dc3330e3a8) Importer(815301076,1909f56bfc062723c751e8b465ee728b)
Start importing Assets/Sprites/tilemap_packed_85.asset using Guid(f8ded7f574024404fb8fa2dc3330e3a8) Importer(815301076,1909f56bfc062723c751e8b465ee728b)  -> (artifact id: '107235f48e0215d2a829c3b6f38fc0e6') in 0.017936 seconds
Number of updated asset objects reloaded before import = 0
Number of asset objects unloaded after import = 3
========================================================================
Received Import Request.
  Time since last request: 0.000018 seconds.
  path: Assets/Sprites/tilemap_packed_50.asset
  artifactKey: Guid(46cd60f4602c14c46833998031c2cf22) Importer(815301076,1909f56bfc062723c751e8b465ee728b)
Start importing Assets/Sprites/tilemap_packed_50.asset using Guid(46cd60f4602c14c46833998031c2cf22) Importer(815301076,1909f56bfc062723c751e8b465ee728b)  -> (artifact id: '1cea64ad0e31be47b4a623c5d8b46d01') in 0.018123 seconds
Number of updated asset objects reloaded before import = 0
Number of asset objects unloaded after import = 3
========================================================================
Received Import Request.
  Time since last request: 0.000023 seconds.
  path: Assets/Sprites/tilemap_packed_67.asset
  artifactKey: Guid(c21f687d91a18b84fb816367ee5e807d) Importer(815301076,1909f56bfc062723c751e8b465ee728b)
Start importing Assets/Sprites/tilemap_packed_67.asset using Guid(c21f687d91a18b84fb816367ee5e807d) Importer(815301076,1909f56bfc062723c751e8b465ee728b)  -> (artifact id: '43b127862336802cff95378c30ca1a2d') in 0.021316 seconds
Number of updated asset objects reloaded before import = 0
Number of asset objects unloaded after import = 3
========================================================================
Received Import Request.
  Time since last request: 0.000018 seconds.
  path: Assets/Sprites/tilemap_packed_77.asset
  artifactKey: Guid(07ea8ee0d65bec44983efd45bfb6d759) Importer(815301076,1909f56bfc062723c751e8b465ee728b)
Start importing Assets/Sprites/tilemap_packed_77.asset using Guid(07ea8ee0d65bec44983efd45bfb6d759) Importer(815301076,1909f56bfc062723c751e8b465ee728b)  -> (artifact id: 'a7c669d907004f675e2c64a9f1a8b9cd') in 0.016544 seconds
Number of updated asset objects reloaded before import = 0
Number of asset objects unloaded after import = 3
========================================================================
Received Import Request.
  Time since last request: 0.000024 seconds.
  path: Assets/Sprites/tilemap_packed_91.asset
  artifactKey: Guid(2aa54e09966a5034a92ee9518c1f81f9) Importer(815301076,1909f56bfc062723c751e8b465ee728b)
Start importing Assets/Sprites/tilemap_packed_91.asset using Guid(2aa54e09966a5034a92ee9518c1f81f9) Importer(815301076,1909f56bfc062723c751e8b465ee728b)  -> (artifact id: 'f285ce58cc87d2b53445e3e28c55ed75') in 0.013031 seconds
Number of updated asset objects reloaded before import = 0
Number of asset objects unloaded after import = 3
========================================================================
Received Import Request.
  Time since last request: 0.000019 seconds.
  path: Assets/Sprites/tilemap_packed_46.asset
  artifactKey: Guid(56d59c1a2bbd64b418140abb4c14cf0a) Importer(815301076,1909f56bfc062723c751e8b465ee728b)
Start importing Assets/Sprites/tilemap_packed_46.asset using Guid(56d59c1a2bbd64b418140abb4c14cf0a) Importer(815301076,1909f56bfc062723c751e8b465ee728b)  -> (artifact id: '0a79e66cd9e7aac2cf17d205a371c196') in 0.013955 seconds
Number of updated asset objects reloaded before import = 0
Number of asset objects unloaded after import = 3
========================================================================
Received Import Request.
  Time since last request: 0.000027 seconds.
  path: Assets/Sprites/tilemap_packed_48.asset
  artifactKey: Guid(1e2f494d85af53e488005ea3695ec443) Importer(815301076,1909f56bfc062723c751e8b465ee728b)
Start importing Assets/Sprites/tilemap_packed_48.asset using Guid(1e2f494d85af53e488005ea3695ec443) Importer(815301076,1909f56bfc062723c751e8b465ee728b)  -> (artifact id: '8975f67a2160a2de35cb871f349c25c3') in 0.014734 seconds
Number of updated asset objects reloaded before import = 0
Number of asset objects unloaded after import = 3
========================================================================
Received Import Request.
  Time since last request: 0.000037 seconds.
  path: Assets/Sprites/tilemap_packed_22.asset
  artifactKey: Guid(a5566ea0375a9b647b050368772ca3e9) Importer(815301076,1909f56bfc062723c751e8b465ee728b)
Start importing Assets/Sprites/tilemap_packed_22.asset using Guid(a5566ea0375a9b647b050368772ca3e9) Importer(815301076,1909f56bfc062723c751e8b465ee728b)  -> (artifact id: '931df1eeec18b2871d9ab3702b8f016f') in 0.013960 seconds
Number of updated asset objects reloaded before import = 0
Number of asset objects unloaded after import = 3
========================================================================
Received Import Request.
  Time since last request: 0.000029 seconds.
  path: Assets/Sprites/tilemap_packed_57.asset
  artifactKey: Guid(beb6aeffe6138364bad67e235e607aed) Importer(815301076,1909f56bfc062723c751e8b465ee728b)
Start importing Assets/Sprites/tilemap_packed_57.asset using Guid(beb6aeffe6138364bad67e235e607aed) Importer(815301076,1909f56bfc062723c751e8b465ee728b)  -> (artifact id: '7931289bab9dcc4336206503e38b1b4f') in 0.013911 seconds
Number of updated asset objects reloaded before import = 0
Number of asset objects unloaded after import = 3
========================================================================
Received Import Request.
  Time since last request: 0.000016 seconds.
  path: Assets/Sprites/tilemap_packed_30.asset
  artifactKey: Guid(291a6368dfd2541479a75b329b036722) Importer(815301076,1909f56bfc062723c751e8b465ee728b)
Start importing Assets/Sprites/tilemap_packed_30.asset using Guid(291a6368dfd2541479a75b329b036722) Importer(815301076,1909f56bfc062723c751e8b465ee728b)  -> (artifact id: '29e227dedabdfc33249c33b180041ae2') in 0.013968 seconds
Number of updated asset objects reloaded before import = 0
Number of asset objects unloaded after import = 3
========================================================================
Received Import Request.
  Time since last request: 0.000017 seconds.
  path: Assets/Sprites/tilemap_packed_3.asset
  artifactKey: Guid(63374091917f362488f1f62572a2bf1a) Importer(815301076,1909f56bfc062723c751e8b465ee728b)
Start importing Assets/Sprites/tilemap_packed_3.asset using Guid(63374091917f362488f1f62572a2bf1a) Importer(815301076,1909f56bfc062723c751e8b465ee728b)  -> (artifact id: 'd24fedc8ccd252a0ee5d832df2169e4f') in 0.012194 seconds
Number of updated asset objects reloaded before import = 0
Number of asset objects unloaded after import = 3
========================================================================
Received Import Request.
  Time since last request: 0.000017 seconds.
  path: Assets/Sprites/tilemap_packed_54.asset
  artifactKey: Guid(8fd1c00b023c8aa40974d60f10f887a8) Importer(815301076,1909f56bfc062723c751e8b465ee728b)
Start importing Assets/Sprites/tilemap_packed_54.asset using Guid(8fd1c00b023c8aa40974d60f10f887a8) Importer(815301076,1909f56bfc062723c751e8b465ee728b)  -> (artifact id: 'bb7ff6d47751e6e2270dad67c72669b8') in 0.013675 seconds
Number of updated asset objects reloaded before import = 0
Number of asset objects unloaded after import = 3
========================================================================
Received Import Request.
  Time since last request: 0.000024 seconds.
  path: Assets/Sprites/tilemap_packed_70.asset
  artifactKey: Guid(2983828b098205f44849007e09cbed9e) Importer(815301076,1909f56bfc062723c751e8b465ee728b)
Start importing Assets/Sprites/tilemap_packed_70.asset using Guid(2983828b098205f44849007e09cbed9e) Importer(815301076,1909f56bfc062723c751e8b465ee728b)  -> (artifact id: '078dfd936dc7da343f7a79c25b0b6abb') in 0.015229 seconds
Number of updated asset objects reloaded before import = 0
Number of asset objects unloaded after import = 3
========================================================================
Received Import Request.
  Time since last request: 0.000032 seconds.
  path: Assets/Sprites/tilemap_packed_25.asset
  artifactKey: Guid(afdbc80ea16ddc4459bf030d28eb172d) Importer(815301076,1909f56bfc062723c751e8b465ee728b)
Start importing Assets/Sprites/tilemap_packed_25.asset using Guid(afdbc80ea16ddc4459bf030d28eb172d) Importer(815301076,1909f56bfc062723c751e8b465ee728b)  -> (artifact id: '870685619c693be042faae1b44fc897a') in 0.016796 seconds
Number of updated asset objects reloaded before import = 0
Number of asset objects unloaded after import = 3
========================================================================
Received Import Request.
  Time since last request: 0.000016 seconds.
  path: Assets/Sprites/tilemap_packed_90.asset
  artifactKey: Guid(38ea60dccf99a08479315bc00fa6e83e) Importer(815301076,1909f56bfc062723c751e8b465ee728b)
Start importing Assets/Sprites/tilemap_packed_90.asset using Guid(38ea60dccf99a08479315bc00fa6e83e) Importer(815301076,1909f56bfc062723c751e8b465ee728b)  -> (artifact id: '418c8e08d88658d2ede8f5c57cb8acca') in 0.013771 seconds
Number of updated asset objects reloaded before import = 0
Number of asset objects unloaded after import = 3
========================================================================
Received Import Request.
  Time since last request: 0.000018 seconds.
  path: Assets/Sprites/tilemap_packed_18.asset
  artifactKey: Guid(2aaa8f3e1bb46864e8d1d89ea350d904) Importer(815301076,1909f56bfc062723c751e8b465ee728b)
Start importing Assets/Sprites/tilemap_packed_18.asset using Guid(2aaa8f3e1bb46864e8d1d89ea350d904) Importer(815301076,1909f56bfc062723c751e8b465ee728b)  -> (artifact id: 'a29322bff8af5c0a485af92aaada02e3') in 0.013532 seconds
Number of updated asset objects reloaded before import = 0
Number of asset objects unloaded after import = 3
========================================================================
Received Import Request.
  Time since last request: 0.000022 seconds.
  path: Assets/Sprites/tilemap_packed_93.asset
  artifactKey: Guid(3884c149eb7776c4ea1c79c8bbd238e8) Importer(815301076,1909f56bfc062723c751e8b465ee728b)
Start importing Assets/Sprites/tilemap_packed_93.asset using Guid(3884c149eb7776c4ea1c79c8bbd238e8) Importer(815301076,1909f56bfc062723c751e8b465ee728b)  -> (artifact id: '46b528b642ba9c04856aafca15e9df24') in 0.011059 seconds
Number of updated asset objects reloaded before import = 0
Number of asset objects unloaded after import = 3
========================================================================
Received Import Request.
  Time since last request: 0.000015 seconds.
  path: Assets/Sprites/tilemap_packed_26.asset
  artifactKey: Guid(aff9086bb23f779469f822e42b13a451) Importer(815301076,1909f56bfc062723c751e8b465ee728b)
Start importing Assets/Sprites/tilemap_packed_26.asset using Guid(aff9086bb23f779469f822e42b13a451) Importer(815301076,1909f56bfc062723c751e8b465ee728b)  -> (artifact id: 'ce441f04ccac351aee276832b3fbaf6b') in 0.014614 seconds
Number of updated asset objects reloaded before import = 0
Number of asset objects unloaded after import = 3
========================================================================
Received Import Request.
  Time since last request: 0.000021 seconds.
  path: Assets/Sprites/tilemap_packed_17.asset
  artifactKey: Guid(476a470d56107ce4191f23390939f437) Importer(815301076,1909f56bfc062723c751e8b465ee728b)
Start importing Assets/Sprites/tilemap_packed_17.asset using Guid(476a470d56107ce4191f23390939f437) Importer(815301076,1909f56bfc062723c751e8b465ee728b)  -> (artifact id: '14fbd7b94c821ae56c41ff66113cf5b2') in 0.015532 seconds
Number of updated asset objects reloaded before import = 0
Number of asset objects unloaded after import = 3
========================================================================
Received Import Request.
  Time since last request: 0.000027 seconds.
  path: Assets/Sprites/tilemap_packed_21.asset
  artifactKey: Guid(9bab2497012fb5b448d12e19c4e1dca6) Importer(815301076,1909f56bfc062723c751e8b465ee728b)
Start importing Assets/Sprites/tilemap_packed_21.asset using Guid(9bab2497012fb5b448d12e19c4e1dca6) Importer(815301076,1909f56bfc062723c751e8b465ee728b)  -> (artifact id: 'fd7364cdb25628c8f8240160c22c1ec8') in 0.013175 seconds
Number of updated asset objects reloaded before import = 0
Number of asset objects unloaded after import = 3
========================================================================
Received Import Request.
  Time since last request: 0.000018 seconds.
  path: Assets/Sprites/tilemap_packed_78.asset
  artifactKey: Guid(6edfa0aea78978449a0e09fcbdad1d30) Importer(815301076,1909f56bfc062723c751e8b465ee728b)
Start importing Assets/Sprites/tilemap_packed_78.asset using Guid(6edfa0aea78978449a0e09fcbdad1d30) Importer(815301076,1909f56bfc062723c751e8b465ee728b)  -> (artifact id: 'a8b11924d747af6a8205da17babf6f46') in 0.015021 seconds
Number of updated asset objects reloaded before import = 0
Number of asset objects unloaded after import = 3
========================================================================
Received Import Request.
  Time since last request: 0.000021 seconds.
  path: Assets/Sprites/tilemap_packed_71.asset
  artifactKey: Guid(a12fec91d8831af40b422e5b21eb7ca7) Importer(815301076,1909f56bfc062723c751e8b465ee728b)
Start importing Assets/Sprites/tilemap_packed_71.asset using Guid(a12fec91d8831af40b422e5b21eb7ca7) Importer(815301076,1909f56bfc062723c751e8b465ee728b)  -> (artifact id: '2347b57dd73811aee97cf6b850018375') in 0.014241 seconds
Number of updated asset objects reloaded before import = 0
Number of asset objects unloaded after import = 3
========================================================================
Received Import Request.
  Time since last request: 0.000045 seconds.
  path: Assets/Sprites/tilemap_packed_36.asset
  artifactKey: Guid(d9171db9e99c1aa4583243fb98bb2cbf) Importer(815301076,1909f56bfc062723c751e8b465ee728b)
Start importing Assets/Sprites/tilemap_packed_36.asset using Guid(d9171db9e99c1aa4583243fb98bb2cbf) Importer(815301076,1909f56bfc062723c751e8b465ee728b)  -> (artifact id: 'a500576791ca766be8a124ada4318429') in 0.013924 seconds
Number of updated asset objects reloaded before import = 0
Number of asset objects unloaded after import = 3
========================================================================
Received Import Request.
  Time since last request: 0.000042 seconds.
  path: Assets/Sprites/tilemap_packed_81.asset
  artifactKey: Guid(e23bfd73277755146b68b869a585989c) Importer(815301076,1909f56bfc062723c751e8b465ee728b)
Start importing Assets/Sprites/tilemap_packed_81.asset using Guid(e23bfd73277755146b68b869a585989c) Importer(815301076,1909f56bfc062723c751e8b465ee728b)  -> (artifact id: 'c939ca281d5cf49c5251f72d517067ea') in 0.013297 seconds
Number of updated asset objects reloaded before import = 0
Number of asset objects unloaded after import = 3
========================================================================
Received Import Request.
  Time since last request: 0.000017 seconds.
  path: Assets/Sprites/tilemap_packed_15.asset
  artifactKey: Guid(60101b437352d5a429da851cbe3e15d5) Importer(815301076,1909f56bfc062723c751e8b465ee728b)
Start importing Assets/Sprites/tilemap_packed_15.asset using Guid(60101b437352d5a429da851cbe3e15d5) Importer(815301076,1909f56bfc062723c751e8b465ee728b)  -> (artifact id: '130f54a730ad798be7de87ed2cf061b7') in 0.013218 seconds
Number of updated asset objects reloaded before import = 0
Number of asset objects unloaded after import = 3
========================================================================
Received Import Request.
  Time since last request: 0.000022 seconds.
  path: Assets/Sprites/tilemap_packed_72.asset
  artifactKey: Guid(0cd9c7894e6fdb04da026e32c8b3fb60) Importer(815301076,1909f56bfc062723c751e8b465ee728b)
Start importing Assets/Sprites/tilemap_packed_72.asset using Guid(0cd9c7894e6fdb04da026e32c8b3fb60) Importer(815301076,1909f56bfc062723c751e8b465ee728b)  -> (artifact id: 'c27e085c479a512cbde515b34df6858f') in 0.011969 seconds
Number of updated asset objects reloaded before import = 0
Number of asset objects unloaded after import = 3
========================================================================
Received Import Request.
  Time since last request: 0.000020 seconds.
  path: Assets/Sprites/tilemap_packed.png
  artifactKey: Guid(f714b891348acc54eb4efec745dfcc52) Importer(815301076,1909f56bfc062723c751e8b465ee728b)
Start importing Assets/Sprites/tilemap_packed.png using Guid(f714b891348acc54eb4efec745dfcc52) Importer(815301076,1909f56bfc062723c751e8b465ee728b)  -> (artifact id: '651cfddc4751e85cd30a0c1206760d50') in 0.867324 seconds
Number of updated asset objects reloaded before import = 0
Number of asset objects unloaded after import = 488
Editor requested this worker to shutdown with reason: Scaling down because of idle timeout
TcpMessagingSession - receive error: operation aborted. errorcode: 995, details: The I/O operation has been aborted because of either a thread exit or an application request.
AssetImportWorker is now disconnected from the server
Process exiting
Exiting without the bug reporter. Application will terminate with return code 0