Using pre-set license
Built from '2022.3/staging' branch; Version is '2022.3.3f1 (7cdc2969a641) revision 8182825'; Using compiler version '192829333'; Build Type 'Release'
OS: 'Windows 11  (10.0.26100) 64bit Enterprise' Language: 'en' Physical Memory: 32604 MB
BatchMode: 1, IsHumanControllingUs: 0, StartBugReporterOnCrash: 0, Is64bit: 1, IsPro: 1

COMMAND LINE ARGUMENTS:
C:\Program Files\Unity\Hub\Editor\2022.3.3f1\Editor\Unity.exe
-adb2
-batchMode
-noUpm
-name
AssetImportWorker0
-projectPath
C:/Users/JoseArguesoPonce.AzureAD/Desktop/MP05-UF1/Manueh
-logFile
Logs/AssetImportWorker0.log
-srvPort
58652
Successfully changed project path to: C:/Users/JoseArguesoPonce.AzureAD/Desktop/MP05-UF1/Manueh
C:/Users/JoseArguesoPonce.AzureAD/Desktop/MP05-UF1/Manueh
[UnityMemory] Configuration Parameters - Can be set up in boot.config
    "memorysetup-bucket-allocator-granularity=16"
    "memorysetup-bucket-allocator-bucket-count=8"
    "memorysetup-bucket-allocator-block-size=33554432"
    "memorysetup-bucket-allocator-block-count=8"
    "memorysetup-main-allocator-block-size=16777216"
    "memorysetup-thread-allocator-block-size=16777216"
    "memorysetup-gfx-main-allocator-block-size=16777216"
    "memorysetup-gfx-thread-allocator-block-size=16777216"
    "memorysetup-cache-allocator-block-size=4194304"
    "memorysetup-typetree-allocator-block-size=2097152"
    "memorysetup-profiler-bucket-allocator-granularity=16"
    "memorysetup-profiler-bucket-allocator-bucket-count=8"
    "memorysetup-profiler-bucket-allocator-block-size=33554432"
    "memorysetup-profiler-bucket-allocator-block-count=8"
    "memorysetup-profiler-allocator-block-size=16777216"
    "memorysetup-profiler-editor-allocator-block-size=1048576"
    "memorysetup-temp-allocator-size-main=16777216"
    "memorysetup-job-temp-allocator-block-size=2097152"
    "memorysetup-job-temp-allocator-block-size-background=1048576"
    "memorysetup-job-temp-allocator-reduction-small-platforms=262144"
    "memorysetup-allocator-temp-initial-block-size-main=262144"
    "memorysetup-allocator-temp-initial-block-size-worker=262144"
    "memorysetup-temp-allocator-size-background-worker=32768"
    "memorysetup-temp-allocator-size-job-worker=262144"
    "memorysetup-temp-allocator-size-preload-manager=33554432"
    "memorysetup-temp-allocator-size-nav-mesh-worker=65536"
    "memorysetup-temp-allocator-size-audio-worker=65536"
    "memorysetup-temp-allocator-size-cloud-worker=32768"
    "memorysetup-temp-allocator-size-gi-baking-worker=262144"
    "memorysetup-temp-allocator-size-gfx=262144"
Player connection [18076] Host "[IP] 10.40.2.156 [Port] 0 [Flags] 2 [Guid] 826986720 [EditorId] 826986720 [Version] 1048832 [Id] WindowsEditor(7,PB-02-13B) [Debug] 1 [PackageName] WindowsEditor [ProjectName] Editor" joined multi-casting on [225.0.0.222:54997]...

Player connection [18076] Host "[IP] 10.40.2.156 [Port] 0 [Flags] 2 [Guid] 826986720 [EditorId] 826986720 [Version] 1048832 [Id] WindowsEditor(7,PB-02-13B) [Debug] 1 [PackageName] WindowsEditor [ProjectName] Editor" joined alternative multi-casting on [225.0.0.222:34997]...

Refreshing native plugins compatible for Editor in 392.62 ms, found 4 plugins.
Preloading 0 native plugins for Editor in 0.00 ms.
Initialize engine version: 2022.3.3f1 (7cdc2969a641)
[Subsystems] Discovering subsystems at path C:/Program Files/Unity/Hub/Editor/2022.3.3f1/Editor/Data/Resources/UnitySubsystems
[Subsystems] Discovering subsystems at path C:/Users/JoseArguesoPonce.AzureAD/Desktop/MP05-UF1/Manueh/Assets
GfxDevice: creating device client; threaded=0; jobified=0
Direct3D:
    Version:  Direct3D 11.0 [level 11.1]
    Renderer: NVIDIA GeForce RTX 2060 (ID=0x1f08)
    Vendor:   NVIDIA
    VRAM:     5980 MB
    Driver:   27.21.14.5751
Initialize mono
Mono path[0] = 'C:/Program Files/Unity/Hub/Editor/2022.3.3f1/Editor/Data/Managed'
Mono path[1] = 'C:/Program Files/Unity/Hub/Editor/2022.3.3f1/Editor/Data/MonoBleedingEdge/lib/mono/unityjit-win32'
Mono config path = 'C:/Program Files/Unity/Hub/Editor/2022.3.3f1/Editor/Data/MonoBleedingEdge/etc'
Using monoOptions --debugger-agent=transport=dt_socket,embedding=1,server=y,suspend=n,address=127.0.0.1:56416
Begin MonoManager ReloadAssembly
Registering precompiled unity dll's ...
Register platform support module: C:/Program Files/Unity/Hub/Editor/2022.3.3f1/Editor/Data/PlaybackEngines/AndroidPlayer/UnityEditor.Android.Extensions.dll
Register platform support module: C:/Program Files/Unity/Hub/Editor/2022.3.3f1/Editor/Data/PlaybackEngines/WindowsStandaloneSupport/UnityEditor.WindowsStandalone.Extensions.dll
Register platform support module: C:/Program Files/Unity/Hub/Editor/2022.3.3f1/Editor/Data/PlaybackEngines/MetroSupport/UnityEditor.UWP.Extensions.dll
Registered in 0.008871 seconds.
- Loaded All Assemblies, in  2.528 seconds
Native extension for UWP target not found
Native extension for WindowsStandalone target not found
Native extension for Android target not found
Android Extension - Scanning For ADB Devices 333 ms
Mono: successfully reloaded assembly
- Finished resetting the current domain, in  0.576 seconds
Domain Reload Profiling: 3102ms
	BeginReloadAssembly (2306ms)
		ExecutionOrderSort (0ms)
		DisableScriptedObjects (0ms)
		BackupInstance (0ms)
		ReleaseScriptingObjects (0ms)
		CreateAndSetChildDomain (1ms)
	RebuildCommonClasses (24ms)
	RebuildNativeTypeToScriptingClass (6ms)
	initialDomainReloadingComplete (50ms)
	LoadAllAssembliesAndSetupDomain (140ms)
		LoadAssemblies (2304ms)
		RebuildTransferFunctionScriptingTraits (0ms)
		AnalyzeDomain (136ms)
			TypeCache.Refresh (135ms)
				TypeCache.ScanAssembly (121ms)
			ScanForSourceGeneratedMonoScriptInfo (0ms)
			ResolveRequiredComponents (0ms)
	FinalizeReload (576ms)
		ReleaseScriptCaches (0ms)
		RebuildScriptCaches (0ms)
		SetupLoadedEditorAssemblies (535ms)
			LogAssemblyErrors (0ms)
			InitializePlatformSupportModulesInManaged (428ms)
			SetLoadedEditorAssemblies (4ms)
			RefreshPlugins (0ms)
			BeforeProcessingInitializeOnLoad (2ms)
			ProcessInitializeOnLoadAttributes (68ms)
			ProcessInitializeOnLoadMethodAttributes (33ms)
			AfterProcessingInitializeOnLoad (0ms)
			EditorAssembliesLoaded (0ms)
		ExecutionOrderSort2 (0ms)
		AwakeInstancesAfterBackupRestoration (0ms)
========================================================================
Worker process is ready to serve import requests
Begin MonoManager ReloadAssembly
Symbol file LoadedFromMemory doesn't match image C:\Users\JoseArguesoPonce.AzureAD\Desktop\MP05-UF1\Manueh\Library\PackageCache\com.unity.visualscripting@1.8.0\Editor\VisualScripting.Core\Dependencies\YamlDotNet\Unity.VisualScripting.YamlDotNet.dll
Symbol file LoadedFromMemory doesn't match image C:\Users\JoseArguesoPonce.AzureAD\Desktop\MP05-UF1\Manueh\Library\PackageCache\com.unity.visualscripting@1.8.0\Editor\VisualScripting.Core\Dependencies\DotNetZip\Unity.VisualScripting.IonicZip.dll
- Loaded All Assemblies, in  2.485 seconds
Refreshing native plugins compatible for Editor in 2.99 ms, found 4 plugins.
Native extension for UWP target not found
Native extension for WindowsStandalone target not found
Native extension for Android target not found
Mono: successfully reloaded assembly
- Finished resetting the current domain, in  0.408 seconds
Domain Reload Profiling: 2891ms
	BeginReloadAssembly (107ms)
		ExecutionOrderSort (0ms)
		DisableScriptedObjects (4ms)
		BackupInstance (0ms)
		ReleaseScriptingObjects (0ms)
		CreateAndSetChildDomain (19ms)
	RebuildCommonClasses (23ms)
	RebuildNativeTypeToScriptingClass (7ms)
	initialDomainReloadingComplete (36ms)
	LoadAllAssembliesAndSetupDomain (2309ms)
		LoadAssemblies (1810ms)
		RebuildTransferFunctionScriptingTraits (0ms)
		AnalyzeDomain (554ms)
			TypeCache.Refresh (532ms)
				TypeCache.ScanAssembly (463ms)
			ScanForSourceGeneratedMonoScriptInfo (20ms)
			ResolveRequiredComponents (3ms)
	FinalizeReload (408ms)
		ReleaseScriptCaches (0ms)
		RebuildScriptCaches (0ms)
		SetupLoadedEditorAssemblies (275ms)
			LogAssemblyErrors (0ms)
			InitializePlatformSupportModulesInManaged (18ms)
			SetLoadedEditorAssemblies (2ms)
			RefreshPlugins (0ms)
			BeforeProcessingInitializeOnLoad (51ms)
			ProcessInitializeOnLoadAttributes (174ms)
			ProcessInitializeOnLoadMethodAttributes (25ms)
			AfterProcessingInitializeOnLoad (4ms)
			EditorAssembliesLoaded (0ms)
		ExecutionOrderSort2 (0ms)
		AwakeInstancesAfterBackupRestoration (5ms)
Launched and connected shader compiler UnityShaderCompiler.exe after 0.05 seconds
Refreshing native plugins compatible for Editor in 3.55 ms, found 4 plugins.
Preloading 0 native plugins for Editor in 0.00 ms.
Unloading 4000 Unused Serialized files (Serialized files now loaded: 0)
Unloading 69 unused Assets / (244.8 KB). Loaded Objects now: 4462.
Memory consumption went from 144.7 MB to 144.4 MB.
Total: 6.344100 ms (FindLiveObjects: 0.492100 ms CreateObjectMapping: 0.312400 ms MarkObjects: 5.206000 ms  DeleteObjects: 0.331500 ms)

AssetImportParameters requested are different than current active one (requested -> active):
  custom:container-demuxer-ogg: 62fdf1f143b41e24485cea50d1cbac27 -> 
  custom:video-codec-MediaFoundation-h265: 746d11721c4dcdbdad8f713fa42b33f4 -> 
  custom:video-decoder-ogg-theora: a1e56fd34408186e4bbccfd4996cb3dc -> 
  custom:framework-win-MediaFoundation: 216162199b28c13a410421893ffa2e32 -> 
  custom:container-demuxer-webm: 4f35f7cbe854078d1ac9338744f61a02 -> 
  custom:container-muxer-webm: aa71ff27fc2769a1b78a27578f13a17b -> 
  custom:video-decoder-webm-vp8: 9c59270c3fd7afecdb556c50c9e8de78 -> 
  custom:AudioImporter_EditorPlatform: d09bf68614088b80899f8185d706f6e7 -> 
  custom:video-encoder-webm-vp8: eb34c28f22e8b96e1ab97ce403110664 -> 
  custom:audio-decoder-ogg-vorbis: bf7c407c2cedff20999df2af8eb42d56 -> 
  custom:audio-encoder-webm-vorbis: bf7c407c2cedff20999df2af8eb42d56 -> 
========================================================================
Received Import Request.
  Time since last request: 239182.002803 seconds.
  path: Assets/Sprites/tilemap_packed_405.asset
  artifactKey: Guid(066d0dbcbbdbc354bb0ab3915170b639) Importer(815301076,1909f56bfc062723c751e8b465ee728b)
Start importing Assets/Sprites/tilemap_packed_405.asset using Guid(066d0dbcbbdbc354bb0ab3915170b639) Importer(815301076,1909f56bfc062723c751e8b465ee728b)  -> (artifact id: '62a391abe80898de5d04f839c4031ef1') in 0.059059 seconds
Number of updated asset objects reloaded before import = 0
Number of asset objects unloaded after import = 3
========================================================================
Received Import Request.
  Time since last request: 0.000049 seconds.
  path: Assets/Sprites/tilemap_packed_407.asset
  artifactKey: Guid(a31b43d29f0f27e4e83b8eb208cf00bd) Importer(815301076,1909f56bfc062723c751e8b465ee728b)
Start importing Assets/Sprites/tilemap_packed_407.asset using Guid(a31b43d29f0f27e4e83b8eb208cf00bd) Importer(815301076,1909f56bfc062723c751e8b465ee728b)  -> (artifact id: '4558e23b13249e2fd1ac49245de93174') in 0.016023 seconds
Number of updated asset objects reloaded before import = 0
Number of asset objects unloaded after import = 3
========================================================================
Received Import Request.
  Time since last request: 0.000018 seconds.
  path: Assets/Sprites/tilemap_packed_390.asset
  artifactKey: Guid(af1b453e9e587844490de497857c3601) Importer(815301076,1909f56bfc062723c751e8b465ee728b)
Start importing Assets/Sprites/tilemap_packed_390.asset using Guid(af1b453e9e587844490de497857c3601) Importer(815301076,1909f56bfc062723c751e8b465ee728b)  -> (artifact id: '394c502a1063c863fb4ebe1dd5de4a38') in 0.013057 seconds
Number of updated asset objects reloaded before import = 0
Number of asset objects unloaded after import = 3
========================================================================
Received Import Request.
  Time since last request: 0.000027 seconds.
  path: Assets/Sprites/tilemap_packed_413.asset
  artifactKey: Guid(561e2ea0ba1b25c429c8f6031392f1e5) Importer(815301076,1909f56bfc062723c751e8b465ee728b)
Start importing Assets/Sprites/tilemap_packed_413.asset using Guid(561e2ea0ba1b25c429c8f6031392f1e5) Importer(815301076,1909f56bfc062723c751e8b465ee728b)  -> (artifact id: '98d6e9540f4a2f1d4fc2a374e77953db') in 0.012507 seconds
Number of updated asset objects reloaded before import = 0
Number of asset objects unloaded after import = 3
========================================================================
Received Import Request.
  Time since last request: 0.000028 seconds.
  path: Assets/Sprites/tilemap_packed_431.asset
  artifactKey: Guid(623a0dffdd15fa947bc514e78941a148) Importer(815301076,1909f56bfc062723c751e8b465ee728b)
Start importing Assets/Sprites/tilemap_packed_431.asset using Guid(623a0dffdd15fa947bc514e78941a148) Importer(815301076,1909f56bfc062723c751e8b465ee728b)  -> (artifact id: '0c70cb0ee456966667333bc570213731') in 0.016113 seconds
Number of updated asset objects reloaded before import = 0
Number of asset objects unloaded after import = 3
========================================================================
Received Import Request.
  Time since last request: 0.000020 seconds.
  path: Assets/Sprites/tilemap_packed_457.asset
  artifactKey: Guid(d164fd4e75ff19748870ffdd7ab16b89) Importer(815301076,1909f56bfc062723c751e8b465ee728b)
Start importing Assets/Sprites/tilemap_packed_457.asset using Guid(d164fd4e75ff19748870ffdd7ab16b89) Importer(815301076,1909f56bfc062723c751e8b465ee728b)  -> (artifact id: '3968699b9546828a93fd8dfbc3c5bc9e') in 0.012355 seconds
Number of updated asset objects reloaded before import = 0
Number of asset objects unloaded after import = 3
========================================================================
Received Import Request.
  Time since last request: 0.000033 seconds.
  path: Assets/Sprites/tilemap_packed_456.asset
  artifactKey: Guid(15c024aa8b07efa4197b43a4d85ffeeb) Importer(815301076,1909f56bfc062723c751e8b465ee728b)
Start importing Assets/Sprites/tilemap_packed_456.asset using Guid(15c024aa8b07efa4197b43a4d85ffeeb) Importer(815301076,1909f56bfc062723c751e8b465ee728b)  -> (artifact id: 'b1893fdd9a684717490ac085ec9f8e3c') in 0.011808 seconds
Number of updated asset objects reloaded before import = 0
Number of asset objects unloaded after import = 3
========================================================================
Received Import Request.
  Time since last request: 0.000024 seconds.
  path: Assets/Sprites/tilemap_packed_476.asset
  artifactKey: Guid(6695956bdb9c61b4eafd518863362a28) Importer(815301076,1909f56bfc062723c751e8b465ee728b)
Start importing Assets/Sprites/tilemap_packed_476.asset using Guid(6695956bdb9c61b4eafd518863362a28) Importer(815301076,1909f56bfc062723c751e8b465ee728b)  -> (artifact id: 'ff325530e74c385161978b22750810e8') in 0.013229 seconds
Number of updated asset objects reloaded before import = 0
Number of asset objects unloaded after import = 3
========================================================================
Received Import Request.
  Time since last request: 0.000029 seconds.
  path: Assets/Sprites/tilemap_packed_403.asset
  artifactKey: Guid(a77ef7c25bb662a439767ecfa80a5ae8) Importer(815301076,1909f56bfc062723c751e8b465ee728b)
Start importing Assets/Sprites/tilemap_packed_403.asset using Guid(a77ef7c25bb662a439767ecfa80a5ae8) Importer(815301076,1909f56bfc062723c751e8b465ee728b)  -> (artifact id: '503c6cc1ae0b5958ddd827357ef0b199') in 0.013066 seconds
Number of updated asset objects reloaded before import = 0
Number of asset objects unloaded after import = 3
========================================================================
Received Import Request.
  Time since last request: 0.000024 seconds.
  path: Assets/Sprites/tilemap_packed_409.asset
  artifactKey: Guid(4ab96b9dda891ca4fa3ba96c6ac65736) Importer(815301076,1909f56bfc062723c751e8b465ee728b)
Start importing Assets/Sprites/tilemap_packed_409.asset using Guid(4ab96b9dda891ca4fa3ba96c6ac65736) Importer(815301076,1909f56bfc062723c751e8b465ee728b)  -> (artifact id: '1e800be802b4b8d874b829c5b3eae838') in 0.012940 seconds
Number of updated asset objects reloaded before import = 0
Number of asset objects unloaded after import = 3
========================================================================
Received Import Request.
  Time since last request: 0.000034 seconds.
  path: Assets/Sprites/tilemap_packed_430.asset
  artifactKey: Guid(89e2992152afd7e4b86d64bc6b4a8369) Importer(815301076,1909f56bfc062723c751e8b465ee728b)
Start importing Assets/Sprites/tilemap_packed_430.asset using Guid(89e2992152afd7e4b86d64bc6b4a8369) Importer(815301076,1909f56bfc062723c751e8b465ee728b)  -> (artifact id: '927294b945d6345f841dd8a2e349e1e5') in 0.013508 seconds
Number of updated asset objects reloaded before import = 0
Number of asset objects unloaded after import = 3
========================================================================
Received Import Request.
  Time since last request: 0.000033 seconds.
  path: Assets/Sprites/tilemap_packed_388.asset
  artifactKey: Guid(c78ab10646f2cc64bb36ad707fbe581a) Importer(815301076,1909f56bfc062723c751e8b465ee728b)
Start importing Assets/Sprites/tilemap_packed_388.asset using Guid(c78ab10646f2cc64bb36ad707fbe581a) Importer(815301076,1909f56bfc062723c751e8b465ee728b)  -> (artifact id: 'fcc4f3edfece04924ff59d026a48d6b1') in 0.013747 seconds
Number of updated asset objects reloaded before import = 0
Number of asset objects unloaded after import = 3
========================================================================
Received Import Request.
  Time since last request: 0.000031 seconds.
  path: Assets/Sprites/tilemap_packed_467.asset
  artifactKey: Guid(ee1f4fe6b3552be4294a6e6f6c0574cd) Importer(815301076,1909f56bfc062723c751e8b465ee728b)
Start importing Assets/Sprites/tilemap_packed_467.asset using Guid(ee1f4fe6b3552be4294a6e6f6c0574cd) Importer(815301076,1909f56bfc062723c751e8b465ee728b)  -> (artifact id: '1b69805c09e2ca0e5243c3947ca0b529') in 0.013995 seconds
Number of updated asset objects reloaded before import = 0
Number of asset objects unloaded after import = 3
========================================================================
Received Import Request.
  Time since last request: 0.000027 seconds.
  path: Assets/Sprites/tilemap_packed_415.asset
  artifactKey: Guid(ee4a415eb68b78b46affd11f349ec80b) Importer(815301076,1909f56bfc062723c751e8b465ee728b)
Start importing Assets/Sprites/tilemap_packed_415.asset using Guid(ee4a415eb68b78b46affd11f349ec80b) Importer(815301076,1909f56bfc062723c751e8b465ee728b)  -> (artifact id: 'ca35f88dc853c3cfeba7d320da1d9f31') in 0.014185 seconds
Number of updated asset objects reloaded before import = 0
Number of asset objects unloaded after import = 3
========================================================================
Received Import Request.
  Time since last request: 0.000024 seconds.
  path: Assets/Sprites/tilemap_packed_421.asset
  artifactKey: Guid(5b799f89700e1b7478c45ab4fe364036) Importer(815301076,1909f56bfc062723c751e8b465ee728b)
Start importing Assets/Sprites/tilemap_packed_421.asset using Guid(5b799f89700e1b7478c45ab4fe364036) Importer(815301076,1909f56bfc062723c751e8b465ee728b)  -> (artifact id: 'bff70d392759af5a1fb193ff0b3a37fd') in 0.013679 seconds
Number of updated asset objects reloaded before import = 0
Number of asset objects unloaded after import = 3
========================================================================
Received Import Request.
  Time since last request: 0.000027 seconds.
  path: Assets/Sprites/tilemap_packed_439.asset
  artifactKey: Guid(b888e0e90f373d745837bd2ef72d1738) Importer(815301076,1909f56bfc062723c751e8b465ee728b)
Start importing Assets/Sprites/tilemap_packed_439.asset using Guid(b888e0e90f373d745837bd2ef72d1738) Importer(815301076,1909f56bfc062723c751e8b465ee728b)  -> (artifact id: '91603582135f3c565462f6ff0c12726b') in 0.017117 seconds
Number of updated asset objects reloaded before import = 0
Number of asset objects unloaded after import = 3
========================================================================
Received Import Request.
  Time since last request: 0.000035 seconds.
  path: Assets/Sprites/tilemap_packed_461.asset
  artifactKey: Guid(b1cd751fe830c7043abf89ca8981ff64) Importer(815301076,1909f56bfc062723c751e8b465ee728b)
Start importing Assets/Sprites/tilemap_packed_461.asset using Guid(b1cd751fe830c7043abf89ca8981ff64) Importer(815301076,1909f56bfc062723c751e8b465ee728b)  -> (artifact id: '6535bbeb298f27c89816c73226b0830c') in 0.014118 seconds
Number of updated asset objects reloaded before import = 0
Number of asset objects unloaded after import = 3
========================================================================
Received Import Request.
  Time since last request: 0.000035 seconds.
  path: Assets/Sprites/tilemap_packed_460.asset
  artifactKey: Guid(056c30b4cef3a6145beefdeea53f1979) Importer(815301076,1909f56bfc062723c751e8b465ee728b)
Start importing Assets/Sprites/tilemap_packed_460.asset using Guid(056c30b4cef3a6145beefdeea53f1979) Importer(815301076,1909f56bfc062723c751e8b465ee728b)  -> (artifact id: 'ea52fe9942661608dc178146f0bfd3fd') in 0.012622 seconds
Number of updated asset objects reloaded before import = 0
Number of asset objects unloaded after import = 3
========================================================================
Received Import Request.
  Time since last request: 0.000022 seconds.
  path: Assets/Sprites/tilemap_packed_447.asset
  artifactKey: Guid(7ec984d2e363e4445a6077fe945aae22) Importer(815301076,1909f56bfc062723c751e8b465ee728b)
Start importing Assets/Sprites/tilemap_packed_447.asset using Guid(7ec984d2e363e4445a6077fe945aae22) Importer(815301076,1909f56bfc062723c751e8b465ee728b)  -> (artifact id: 'c25f602d3d947b842cf80928e5eafa45') in 0.012004 seconds
Number of updated asset objects reloaded before import = 0
Number of asset objects unloaded after import = 3
========================================================================
Received Import Request.
  Time since last request: 0.000019 seconds.
  path: Assets/Sprites/tilemap_packed_462.asset
  artifactKey: Guid(d4af07d6365ba244bbd7c8769d6fb314) Importer(815301076,1909f56bfc062723c751e8b465ee728b)
Start importing Assets/Sprites/tilemap_packed_462.asset using Guid(d4af07d6365ba244bbd7c8769d6fb314) Importer(815301076,1909f56bfc062723c751e8b465ee728b)  -> (artifact id: '0df3797aeba4e6a0271c04a388d5afb0') in 0.013673 seconds
Number of updated asset objects reloaded before import = 0
Number of asset objects unloaded after import = 3
========================================================================
Received Import Request.
  Time since last request: 0.000031 seconds.
  path: Assets/Sprites/tilemap_packed_400.asset
  artifactKey: Guid(e5c41c8ddd4d9b5458cc6ae8966c0894) Importer(815301076,1909f56bfc062723c751e8b465ee728b)
Start importing Assets/Sprites/tilemap_packed_400.asset using Guid(e5c41c8ddd4d9b5458cc6ae8966c0894) Importer(815301076,1909f56bfc062723c751e8b465ee728b)  -> (artifact id: '8ea8debc24c5f4a8096ce1d93ed848a6') in 0.012078 seconds
Number of updated asset objects reloaded before import = 0
Number of asset objects unloaded after import = 3
========================================================================
Received Import Request.
  Time since last request: 0.000021 seconds.
  path: Assets/Sprites/tilemap_packed_414.asset
  artifactKey: Guid(d7d9e79291693084db3c68733da330cb) Importer(815301076,1909f56bfc062723c751e8b465ee728b)
Start importing Assets/Sprites/tilemap_packed_414.asset using Guid(d7d9e79291693084db3c68733da330cb) Importer(815301076,1909f56bfc062723c751e8b465ee728b)  -> (artifact id: 'ed130f42de012328702301f601874044') in 0.010616 seconds
Number of updated asset objects reloaded before import = 0
Number of asset objects unloaded after import = 3
Editor requested this worker to shutdown with reason: Scaling down because of idle timeout
TcpMessagingSession - receive error
AssetImportWorkerClient::OnTransportError - code=2 error=End of file
AssetImportWorker is now disconnected from the server
Process exiting
Exiting without the bug reporter. Application will terminate with return code 0