Using pre-set license
Built from '2022.3/staging' branch; Version is '2022.3.3f1 (7cdc2969a641) revision 8182825'; Using compiler version '192829333'; Build Type 'Release'
OS: 'Windows 11  (10.0.26100) 64bit Enterprise' Language: 'en' Physical Memory: 32604 MB
BatchMode: 1, IsHumanControllingUs: 0, StartBugReporterOnCrash: 0, Is64bit: 1, IsPro: 1

COMMAND LINE ARGUMENTS:
C:\Program Files\Unity\Hub\Editor\2022.3.3f1\Editor\Unity.exe
-adb2
-batchMode
-noUpm
-name
AssetImportWorker1
-projectPath
C:/Users/JoseArguesoPonce.AzureAD/Desktop/MP05-UF1/Manueh
-logFile
Logs/AssetImportWorker1.log
-srvPort
58652
Successfully changed project path to: C:/Users/JoseArguesoPonce.AzureAD/Desktop/MP05-UF1/Manueh
C:/Users/JoseArguesoPonce.AzureAD/Desktop/MP05-UF1/Manueh
[UnityMemory] Configuration Parameters - Can be set up in boot.config
    "memorysetup-bucket-allocator-granularity=16"
    "memorysetup-bucket-allocator-bucket-count=8"
    "memorysetup-bucket-allocator-block-size=33554432"
    "memorysetup-bucket-allocator-block-count=8"
    "memorysetup-main-allocator-block-size=16777216"
    "memorysetup-thread-allocator-block-size=16777216"
    "memorysetup-gfx-main-allocator-block-size=16777216"
    "memorysetup-gfx-thread-allocator-block-size=16777216"
    "memorysetup-cache-allocator-block-size=4194304"
    "memorysetup-typetree-allocator-block-size=2097152"
    "memorysetup-profiler-bucket-allocator-granularity=16"
    "memorysetup-profiler-bucket-allocator-bucket-count=8"
    "memorysetup-profiler-bucket-allocator-block-size=33554432"
    "memorysetup-profiler-bucket-allocator-block-count=8"
    "memorysetup-profiler-allocator-block-size=16777216"
    "memorysetup-profiler-editor-allocator-block-size=1048576"
    "memorysetup-temp-allocator-size-main=16777216"
    "memorysetup-job-temp-allocator-block-size=2097152"
    "memorysetup-job-temp-allocator-block-size-background=1048576"
    "memorysetup-job-temp-allocator-reduction-small-platforms=262144"
    "memorysetup-allocator-temp-initial-block-size-main=262144"
    "memorysetup-allocator-temp-initial-block-size-worker=262144"
    "memorysetup-temp-allocator-size-background-worker=32768"
    "memorysetup-temp-allocator-size-job-worker=262144"
    "memorysetup-temp-allocator-size-preload-manager=33554432"
    "memorysetup-temp-allocator-size-nav-mesh-worker=65536"
    "memorysetup-temp-allocator-size-audio-worker=65536"
    "memorysetup-temp-allocator-size-cloud-worker=32768"
    "memorysetup-temp-allocator-size-gi-baking-worker=262144"
    "memorysetup-temp-allocator-size-gfx=262144"
Player connection [18408] Host "[IP] 10.40.2.156 [Port] 0 [Flags] 2 [Guid] 3195251606 [EditorId] 3195251606 [Version] 1048832 [Id] WindowsEditor(7,PB-02-13B) [Debug] 1 [PackageName] WindowsEditor [ProjectName] Editor" joined multi-casting on [225.0.0.222:54997]...

Player connection [18408] Host "[IP] 10.40.2.156 [Port] 0 [Flags] 2 [Guid] 3195251606 [EditorId] 3195251606 [Version] 1048832 [Id] WindowsEditor(7,PB-02-13B) [Debug] 1 [PackageName] WindowsEditor [ProjectName] Editor" joined alternative multi-casting on [225.0.0.222:34997]...

Refreshing native plugins compatible for Editor in 392.08 ms, found 4 plugins.
Preloading 0 native plugins for Editor in 0.00 ms.
Initialize engine version: 2022.3.3f1 (7cdc2969a641)
[Subsystems] Discovering subsystems at path C:/Program Files/Unity/Hub/Editor/2022.3.3f1/Editor/Data/Resources/UnitySubsystems
[Subsystems] Discovering subsystems at path C:/Users/JoseArguesoPonce.AzureAD/Desktop/MP05-UF1/Manueh/Assets
GfxDevice: creating device client; threaded=0; jobified=0
Direct3D:
    Version:  Direct3D 11.0 [level 11.1]
    Renderer: NVIDIA GeForce RTX 2060 (ID=0x1f08)
    Vendor:   NVIDIA
    VRAM:     5980 MB
    Driver:   27.21.14.5751
Initialize mono
Mono path[0] = 'C:/Program Files/Unity/Hub/Editor/2022.3.3f1/Editor/Data/Managed'
Mono path[1] = 'C:/Program Files/Unity/Hub/Editor/2022.3.3f1/Editor/Data/MonoBleedingEdge/lib/mono/unityjit-win32'
Mono config path = 'C:/Program Files/Unity/Hub/Editor/2022.3.3f1/Editor/Data/MonoBleedingEdge/etc'
Using monoOptions --debugger-agent=transport=dt_socket,embedding=1,server=y,suspend=n,address=127.0.0.1:56544
Begin MonoManager ReloadAssembly
Registering precompiled unity dll's ...
Register platform support module: C:/Program Files/Unity/Hub/Editor/2022.3.3f1/Editor/Data/PlaybackEngines/AndroidPlayer/UnityEditor.Android.Extensions.dll
Register platform support module: C:/Program Files/Unity/Hub/Editor/2022.3.3f1/Editor/Data/PlaybackEngines/WindowsStandaloneSupport/UnityEditor.WindowsStandalone.Extensions.dll
Register platform support module: C:/Program Files/Unity/Hub/Editor/2022.3.3f1/Editor/Data/PlaybackEngines/MetroSupport/UnityEditor.UWP.Extensions.dll
Registered in 0.008745 seconds.
- Loaded All Assemblies, in  2.528 seconds
Native extension for UWP target not found
Native extension for WindowsStandalone target not found
Native extension for Android target not found
Android Extension - Scanning For ADB Devices 388 ms
Mono: successfully reloaded assembly
- Finished resetting the current domain, in  0.625 seconds
Domain Reload Profiling: 3152ms
	BeginReloadAssembly (2306ms)
		ExecutionOrderSort (0ms)
		DisableScriptedObjects (0ms)
		BackupInstance (0ms)
		ReleaseScriptingObjects (0ms)
		CreateAndSetChildDomain (1ms)
	RebuildCommonClasses (25ms)
	RebuildNativeTypeToScriptingClass (7ms)
	initialDomainReloadingComplete (49ms)
	LoadAllAssembliesAndSetupDomain (140ms)
		LoadAssemblies (2305ms)
		RebuildTransferFunctionScriptingTraits (0ms)
		AnalyzeDomain (135ms)
			TypeCache.Refresh (134ms)
				TypeCache.ScanAssembly (121ms)
			ScanForSourceGeneratedMonoScriptInfo (0ms)
			ResolveRequiredComponents (0ms)
	FinalizeReload (625ms)
		ReleaseScriptCaches (0ms)
		RebuildScriptCaches (0ms)
		SetupLoadedEditorAssemblies (584ms)
			LogAssemblyErrors (0ms)
			InitializePlatformSupportModulesInManaged (477ms)
			SetLoadedEditorAssemblies (3ms)
			RefreshPlugins (0ms)
			BeforeProcessingInitializeOnLoad (1ms)
			ProcessInitializeOnLoadAttributes (67ms)
			ProcessInitializeOnLoadMethodAttributes (35ms)
			AfterProcessingInitializeOnLoad (0ms)
			EditorAssembliesLoaded (0ms)
		ExecutionOrderSort2 (0ms)
		AwakeInstancesAfterBackupRestoration (0ms)
========================================================================
Worker process is ready to serve import requests
Begin MonoManager ReloadAssembly
Symbol file LoadedFromMemory doesn't match image C:\Users\JoseArguesoPonce.AzureAD\Desktop\MP05-UF1\Manueh\Library\PackageCache\com.unity.visualscripting@1.8.0\Editor\VisualScripting.Core\Dependencies\YamlDotNet\Unity.VisualScripting.YamlDotNet.dll
Symbol file LoadedFromMemory doesn't match image C:\Users\JoseArguesoPonce.AzureAD\Desktop\MP05-UF1\Manueh\Library\PackageCache\com.unity.visualscripting@1.8.0\Editor\VisualScripting.Core\Dependencies\DotNetZip\Unity.VisualScripting.IonicZip.dll
- Loaded All Assemblies, in  2.482 seconds
Refreshing native plugins compatible for Editor in 2.85 ms, found 4 plugins.
Native extension for UWP target not found
Native extension for WindowsStandalone target not found
Native extension for Android target not found
Mono: successfully reloaded assembly
- Finished resetting the current domain, in  0.387 seconds
Domain Reload Profiling: 2866ms
	BeginReloadAssembly (110ms)
		ExecutionOrderSort (0ms)
		DisableScriptedObjects (3ms)
		BackupInstance (0ms)
		ReleaseScriptingObjects (0ms)
		CreateAndSetChildDomain (19ms)
	RebuildCommonClasses (22ms)
	RebuildNativeTypeToScriptingClass (7ms)
	initialDomainReloadingComplete (34ms)
	LoadAllAssembliesAndSetupDomain (2307ms)
		LoadAssemblies (1813ms)
		RebuildTransferFunctionScriptingTraits (0ms)
		AnalyzeDomain (552ms)
			TypeCache.Refresh (533ms)
				TypeCache.ScanAssembly (467ms)
			ScanForSourceGeneratedMonoScriptInfo (17ms)
			ResolveRequiredComponents (3ms)
	FinalizeReload (387ms)
		ReleaseScriptCaches (0ms)
		RebuildScriptCaches (0ms)
		SetupLoadedEditorAssemblies (270ms)
			LogAssemblyErrors (0ms)
			InitializePlatformSupportModulesInManaged (17ms)
			SetLoadedEditorAssemblies (2ms)
			RefreshPlugins (0ms)
			BeforeProcessingInitializeOnLoad (49ms)
			ProcessInitializeOnLoadAttributes (171ms)
			ProcessInitializeOnLoadMethodAttributes (26ms)
			AfterProcessingInitializeOnLoad (4ms)
			EditorAssembliesLoaded (0ms)
		ExecutionOrderSort2 (0ms)
		AwakeInstancesAfterBackupRestoration (5ms)
Launched and connected shader compiler UnityShaderCompiler.exe after 0.06 seconds
Refreshing native plugins compatible for Editor in 3.89 ms, found 4 plugins.
Preloading 0 native plugins for Editor in 0.00 ms.
Unloading 4000 Unused Serialized files (Serialized files now loaded: 0)
Unloading 69 unused Assets / (244.7 KB). Loaded Objects now: 4462.
Memory consumption went from 144.7 MB to 144.5 MB.
Total: 6.823900 ms (FindLiveObjects: 0.486400 ms CreateObjectMapping: 0.215600 ms MarkObjects: 5.746500 ms  DeleteObjects: 0.372000 ms)

AssetImportParameters requested are different than current active one (requested -> active):
  custom:container-demuxer-ogg: 62fdf1f143b41e24485cea50d1cbac27 -> 
  custom:video-codec-MediaFoundation-h265: 746d11721c4dcdbdad8f713fa42b33f4 -> 
  custom:video-decoder-ogg-theora: a1e56fd34408186e4bbccfd4996cb3dc -> 
  custom:framework-win-MediaFoundation: 216162199b28c13a410421893ffa2e32 -> 
  custom:container-demuxer-webm: 4f35f7cbe854078d1ac9338744f61a02 -> 
  custom:container-muxer-webm: aa71ff27fc2769a1b78a27578f13a17b -> 
  custom:video-decoder-webm-vp8: 9c59270c3fd7afecdb556c50c9e8de78 -> 
  custom:AudioImporter_EditorPlatform: d09bf68614088b80899f8185d706f6e7 -> 
  custom:video-encoder-webm-vp8: eb34c28f22e8b96e1ab97ce403110664 -> 
  custom:audio-decoder-ogg-vorbis: bf7c407c2cedff20999df2af8eb42d56 -> 
  custom:audio-encoder-webm-vorbis: bf7c407c2cedff20999df2af8eb42d56 -> 
========================================================================
Received Import Request.
  Time since last request: 239181.991879 seconds.
  path: Assets/Sprites/tilemap_packed_472.asset
  artifactKey: Guid(075138078a1c5804fa7fd67e3fd89a81) Importer(815301076,1909f56bfc062723c751e8b465ee728b)
Start importing Assets/Sprites/tilemap_packed_472.asset using Guid(075138078a1c5804fa7fd67e3fd89a81) Importer(815301076,1909f56bfc062723c751e8b465ee728b)  -> (artifact id: '39d94ba64e75360710f22b9a3cd57560') in 0.069617 seconds
Number of updated asset objects reloaded before import = 0
Number of asset objects unloaded after import = 3
========================================================================
Received Import Request.
  Time since last request: 0.000042 seconds.
  path: Assets/Sprites/tilemap_packed_474.asset
  artifactKey: Guid(7df3b65ca8c0e4747a7d507239833fd1) Importer(815301076,1909f56bfc062723c751e8b465ee728b)
Start importing Assets/Sprites/tilemap_packed_474.asset using Guid(7df3b65ca8c0e4747a7d507239833fd1) Importer(815301076,1909f56bfc062723c751e8b465ee728b)  -> (artifact id: '364eea3a870971a0230dd14ca67dd643') in 0.015463 seconds
Number of updated asset objects reloaded before import = 0
Number of asset objects unloaded after import = 3
========================================================================
Received Import Request.
  Time since last request: 0.000019 seconds.
  path: Assets/Sprites/tilemap_packed_387.asset
  artifactKey: Guid(256d3063b9044d7478c0589bee4a4ba2) Importer(815301076,1909f56bfc062723c751e8b465ee728b)
Start importing Assets/Sprites/tilemap_packed_387.asset using Guid(256d3063b9044d7478c0589bee4a4ba2) Importer(815301076,1909f56bfc062723c751e8b465ee728b)  -> (artifact id: '4f83b78500fa3ba22e587f7459d23b63') in 0.013116 seconds
Number of updated asset objects reloaded before import = 0
Number of asset objects unloaded after import = 3
========================================================================
Received Import Request.
  Time since last request: 0.000023 seconds.
  path: Assets/Sprites/tilemap_packed_475.asset
  artifactKey: Guid(a746163b1fb5f994b80cabf48ce7624c) Importer(815301076,1909f56bfc062723c751e8b465ee728b)
Start importing Assets/Sprites/tilemap_packed_475.asset using Guid(a746163b1fb5f994b80cabf48ce7624c) Importer(815301076,1909f56bfc062723c751e8b465ee728b)  -> (artifact id: '57bace3a2756ec0d6db9a872b7a1f6f8') in 0.014080 seconds
Number of updated asset objects reloaded before import = 0
Number of asset objects unloaded after import = 3
========================================================================
Received Import Request.
  Time since last request: 0.000023 seconds.
  path: Assets/Sprites/tilemap_packed_469.asset
  artifactKey: Guid(a5dc3b5cdbd72bb41b8dd71649cd1fd7) Importer(815301076,1909f56bfc062723c751e8b465ee728b)
Start importing Assets/Sprites/tilemap_packed_469.asset using Guid(a5dc3b5cdbd72bb41b8dd71649cd1fd7) Importer(815301076,1909f56bfc062723c751e8b465ee728b)  -> (artifact id: '1f4dbdc667d7f2f6e139cacbccd7f1dc') in 0.014519 seconds
Number of updated asset objects reloaded before import = 0
Number of asset objects unloaded after import = 3
========================================================================
Received Import Request.
  Time since last request: 0.000025 seconds.
  path: Assets/Sprites/tilemap_packed_468.asset
  artifactKey: Guid(08fe5d17f5db20441af0b23bf9259473) Importer(815301076,1909f56bfc062723c751e8b465ee728b)
Start importing Assets/Sprites/tilemap_packed_468.asset using Guid(08fe5d17f5db20441af0b23bf9259473) Importer(815301076,1909f56bfc062723c751e8b465ee728b)  -> (artifact id: '5d9dd1c865f5bdd04864848777f0805b') in 0.015988 seconds
Number of updated asset objects reloaded before import = 0
Number of asset objects unloaded after import = 3
========================================================================
Received Import Request.
  Time since last request: 0.000026 seconds.
  path: Assets/Sprites/tilemap_packed_389.asset
  artifactKey: Guid(ce0be22d9af53e14c91d8670016e34e3) Importer(815301076,1909f56bfc062723c751e8b465ee728b)
Start importing Assets/Sprites/tilemap_packed_389.asset using Guid(ce0be22d9af53e14c91d8670016e34e3) Importer(815301076,1909f56bfc062723c751e8b465ee728b)  -> (artifact id: '910f46d2ddcad1b400e5aafee6251247') in 0.018092 seconds
Number of updated asset objects reloaded before import = 0
Number of asset objects unloaded after import = 3
========================================================================
Received Import Request.
  Time since last request: 0.000029 seconds.
  path: Assets/Sprites/tilemap_packed_424.asset
  artifactKey: Guid(a755d47dc9cdbd042b6c9c913aa3847f) Importer(815301076,1909f56bfc062723c751e8b465ee728b)
Start importing Assets/Sprites/tilemap_packed_424.asset using Guid(a755d47dc9cdbd042b6c9c913aa3847f) Importer(815301076,1909f56bfc062723c751e8b465ee728b)  -> (artifact id: 'f9cb4a0f967433db84be6cf446b09af1') in 0.017182 seconds
Number of updated asset objects reloaded before import = 0
Number of asset objects unloaded after import = 3
========================================================================
Received Import Request.
  Time since last request: 0.000027 seconds.
  path: Assets/Sprites/tilemap_packed_393.asset
  artifactKey: Guid(7ef4dae2d8feb2a44befdcc38fb48b06) Importer(815301076,1909f56bfc062723c751e8b465ee728b)
Start importing Assets/Sprites/tilemap_packed_393.asset using Guid(7ef4dae2d8feb2a44befdcc38fb48b06) Importer(815301076,1909f56bfc062723c751e8b465ee728b)  -> (artifact id: '3a5617d47e49fadf0274ee0391c45492') in 0.014406 seconds
Number of updated asset objects reloaded before import = 0
Number of asset objects unloaded after import = 3
========================================================================
Received Import Request.
  Time since last request: 0.000017 seconds.
  path: Assets/Sprites/tilemap_packed_470.asset
  artifactKey: Guid(cc70ba40b069b14489cbf66b2ef9c2ed) Importer(815301076,1909f56bfc062723c751e8b465ee728b)
Start importing Assets/Sprites/tilemap_packed_470.asset using Guid(cc70ba40b069b14489cbf66b2ef9c2ed) Importer(815301076,1909f56bfc062723c751e8b465ee728b)  -> (artifact id: 'fd0137eba5809bc0d44dbdbd29c77f58') in 0.015575 seconds
Number of updated asset objects reloaded before import = 0
Number of asset objects unloaded after import = 3
========================================================================
Received Import Request.
  Time since last request: 0.000029 seconds.
  path: Assets/Sprites/tilemap_packed_483.asset
  artifactKey: Guid(363147e485d5cfd4fbcceecc8a420971) Importer(815301076,1909f56bfc062723c751e8b465ee728b)
Start importing Assets/Sprites/tilemap_packed_483.asset using Guid(363147e485d5cfd4fbcceecc8a420971) Importer(815301076,1909f56bfc062723c751e8b465ee728b)  -> (artifact id: 'e0bb522f77c12eeba174127e20b98db2') in 0.018977 seconds
Number of updated asset objects reloaded before import = 0
Number of asset objects unloaded after import = 3
========================================================================
Received Import Request.
  Time since last request: 0.000018 seconds.
  path: Assets/Sprites/tilemap_packed_478.asset
  artifactKey: Guid(89c4dad68dd3e164aaaf513903e50f4b) Importer(815301076,1909f56bfc062723c751e8b465ee728b)
Start importing Assets/Sprites/tilemap_packed_478.asset using Guid(89c4dad68dd3e164aaaf513903e50f4b) Importer(815301076,1909f56bfc062723c751e8b465ee728b)  -> (artifact id: 'fe059a55df358e6f77fa47b287c0a91a') in 0.017545 seconds
Number of updated asset objects reloaded before import = 0
Number of asset objects unloaded after import = 3
========================================================================
Received Import Request.
  Time since last request: 0.000015 seconds.
  path: Assets/Sprites/tilemap_packed_423.asset
  artifactKey: Guid(35235edfc84bcc9449d36fee1fb998d9) Importer(815301076,1909f56bfc062723c751e8b465ee728b)
Start importing Assets/Sprites/tilemap_packed_423.asset using Guid(35235edfc84bcc9449d36fee1fb998d9) Importer(815301076,1909f56bfc062723c751e8b465ee728b)  -> (artifact id: '9153141756ba6f21e1df4f086a9daac8') in 0.016613 seconds
Number of updated asset objects reloaded before import = 0
Number of asset objects unloaded after import = 3
========================================================================
Received Import Request.
  Time since last request: 0.000021 seconds.
  path: Assets/Sprites/tilemap_packed_432.asset
  artifactKey: Guid(9b5f22e0771c44b4a87526426eed29fa) Importer(815301076,1909f56bfc062723c751e8b465ee728b)
Start importing Assets/Sprites/tilemap_packed_432.asset using Guid(9b5f22e0771c44b4a87526426eed29fa) Importer(815301076,1909f56bfc062723c751e8b465ee728b)  -> (artifact id: 'a5b67201dfd25318894c9a6065a5c494') in 0.014037 seconds
Number of updated asset objects reloaded before import = 0
Number of asset objects unloaded after import = 3
========================================================================
Received Import Request.
  Time since last request: 0.000027 seconds.
  path: Assets/Sprites/tilemap_packed_386.asset
  artifactKey: Guid(0b3c8ffc22c53234a8e5c1e3cc92f238) Importer(815301076,1909f56bfc062723c751e8b465ee728b)
Start importing Assets/Sprites/tilemap_packed_386.asset using Guid(0b3c8ffc22c53234a8e5c1e3cc92f238) Importer(815301076,1909f56bfc062723c751e8b465ee728b)  -> (artifact id: '46d77cdd5202532ae070c9bdb71a66c9') in 0.016802 seconds
Number of updated asset objects reloaded before import = 0
Number of asset objects unloaded after import = 3
========================================================================
Received Import Request.
  Time since last request: 0.000051 seconds.
  path: Assets/Sprites/tilemap_packed_441.asset
  artifactKey: Guid(c77e4228396665c42a1487a26836a582) Importer(815301076,1909f56bfc062723c751e8b465ee728b)
Start importing Assets/Sprites/tilemap_packed_441.asset using Guid(c77e4228396665c42a1487a26836a582) Importer(815301076,1909f56bfc062723c751e8b465ee728b)  -> (artifact id: '5dbf4d028c43fef5a59dfb74a525302f') in 0.015975 seconds
Number of updated asset objects reloaded before import = 0
Number of asset objects unloaded after import = 3
========================================================================
Received Import Request.
  Time since last request: 0.000014 seconds.
  path: Assets/Sprites/tilemap_packed_402.asset
  artifactKey: Guid(5cc4154d5f1c1034fbf1a08db5e4ca1f) Importer(815301076,1909f56bfc062723c751e8b465ee728b)
Start importing Assets/Sprites/tilemap_packed_402.asset using Guid(5cc4154d5f1c1034fbf1a08db5e4ca1f) Importer(815301076,1909f56bfc062723c751e8b465ee728b)  -> (artifact id: '4ee0ba88b439476b6bf209e8995d8c8b') in 0.016537 seconds
Number of updated asset objects reloaded before import = 0
Number of asset objects unloaded after import = 3
========================================================================
Received Import Request.
  Time since last request: 0.000019 seconds.
  path: Assets/Sprites/tilemap_packed_479.asset
  artifactKey: Guid(cfb84c2d128b79b4786c12b551ed1264) Importer(815301076,1909f56bfc062723c751e8b465ee728b)
Start importing Assets/Sprites/tilemap_packed_479.asset using Guid(cfb84c2d128b79b4786c12b551ed1264) Importer(815301076,1909f56bfc062723c751e8b465ee728b)  -> (artifact id: '24cb7c6e5e5c4b7efd9915aa5b9d7c43') in 0.016611 seconds
Number of updated asset objects reloaded before import = 0
Number of asset objects unloaded after import = 3
========================================================================
Received Import Request.
  Time since last request: 0.000019 seconds.
  path: Assets/Sprites/tilemap_packed_465.asset
  artifactKey: Guid(ca1f7e23e0ba6174d8070aa5866f7b4e) Importer(815301076,1909f56bfc062723c751e8b465ee728b)
Start importing Assets/Sprites/tilemap_packed_465.asset using Guid(ca1f7e23e0ba6174d8070aa5866f7b4e) Importer(815301076,1909f56bfc062723c751e8b465ee728b)  -> (artifact id: 'e39b3b3767779d2507c2341cafff520e') in 0.013836 seconds
Number of updated asset objects reloaded before import = 0
Number of asset objects unloaded after import = 3
Editor requested this worker to shutdown with reason: Scaling down because of idle timeout
TcpMessagingSession - receive error: operation aborted. errorcode: 995, details: The I/O operation has been aborted because of either a thread exit or an application request.
AssetImportWorker is now disconnected from the server
Process exiting
Exiting without the bug reporter. Application will terminate with return code 0